key = partyID value = 5
key = partiesNumber value = 16
key = numBins value = 14132
key = inputsFile value = ../in_party_5.txt
key = outputsFile value = output.txt
key = circuitFile value = ic.txt
key = fieldType value = ZpMersenneByte
key = genRandomSharesType value = HIM
key = multType value = DN
key = verifyType value = Single
key = partiesFile value = Parties.txt
key = internalIterationsNumber value = 1
key = threshold value = 8
key = primemod value = 31
connected
connected
key = partyID value = 5
key = partiesNumber value = 16
key = numBins value = 14132
key = inputsFile value = ../in_party_5.txt
key = outputsFile value = output.txt
key = circuitFile value = ic.txt
key = fieldType value = ZpMersenneByte
key = genRandomSharesType value = HIM
key = multType value = DN
key = verifyType value = Single
key = partiesFile value = Parties.txt
key = internalIterationsNumber value = 1
key = threshold value = 8
key = primemod value = 31
number of parties = 16
ID = 5
partiesFile = Parties.txt
in communication
num parties = 16
my id = 5
my port = 9000
other port = 8004
Failed to connect. sleeping for 500 milliseconds, connect: Connection refused
accepting...
channel established
my port = 9001
other port = 8204
Failed to connect. sleeping for 500 milliseconds, connect: Connection refused
accepting...
channel established
my port = 9002
other port = 8404
Failed to connect. sleeping for 500 milliseconds, connect: Connection refused
accepting...
channel established
my port = 9003
other port = 8604
Failed to connect. sleeping for 500 milliseconds, connect: Connection refused
accepting...
channel established
my port = 9004
other port = 8804
accepting...
channel established
my port = 9005
other port = 9205
Failed to connect. sleeping for 500 milliseconds, connect: Connection refused
accepting...
channel established
my port = 9006
other port = 9405
accepting...
channel established
my port = 9007
other port = 9605
accepting...
channel established
my port = 9008
other port = 9805
accepting...
channel established
my port = 9009
other port = 10005
accepting...
channel established
my port = 9010
other port = 10205
accepting...
channel established
my port = 9011
other port = 10405
accepting...
channel established
my port = 9012
other port = 10605
accepting...
channel established
my port = 9013
other port = 10805
accepting...
channel established
my port = 9014
other port = 11005
accepting...
channel established
time in milliseconds initializationPhase: 0
max_observed_bin_size: 3932
SH Time measured: 52.216 seconds.
S0 Time measured: 66.938 seconds. For OPRF and then OPPRF start
-----------------Internal time---------------------
S1 Time measured: 66.938 seconds. OPPRF start
S2 Time measured: 159.483 seconds. for cuckoo hash
S3 Time measured: 207.022 seconds. for intert table(hints) RB-OPPRF
S4 Time measured: 207.301 seconds. send hints 
S5 Time measured: 207.728 seconds. receive table
S6 Time measured: 207.730 seconds. OPPRF end
-----------------Internal time---------------------
S8 Time measured: 252.173 seconds. End For OPPRF 
S9 Time measured: 263.756 seconds. After EQ+B2A
EQ + B2A cost 6894404Bytes
5: Circuit evaluated in 208 milliseconds.
5: Printing timings...
5: Time for hashing 32827.5 ms
5: Time for OPRF 20.2779 ms
5: Time for polynomials 0 ms
5: Time for transmission of the polynomials 0 ms
5: Time for OPPRF 263760 ms
5: Time for circuit 565.331 ms
5: Total runtime: 264325ms

5: Communication Statistics: 
5: Sent Data OPRF (MB): 0.894998
5: Received Data OPRF (MB): 0.894998
5: Sent Data Hint (MB): 503.04
5: Received Data Hint (MB): 0.646912
5: Sent Data Circuit (MB): 3.13127
5: Received Data Circuit (MB): 2.78086
5: Sent Data CryptFlow2 (MB): 6.57502
5: Received Data CryptFlow2 (MB): 6.57502
5: Total Sent Data (MB): 513.641
5: Total Received Data (MB): 10.8978
5: Total Communication (MB): 524.539
5: Total Sent Communication except for circuits (MB): 510.51
5: Total Communication of client (MB): 7738.81
5: Total Communication of client (MB): 7802.68
