key = partyID value = 0
key = partiesNumber value = 15
key = numBins value = 1727
key = inputsFile value = ../in_party_0.txt
key = outputsFile value = output.txt
key = circuitFile value = ic.txt
key = fieldType value = ZpMersenneByte
key = genRandomSharesType value = HIM
key = multType value = DN
key = verifyType value = Single
key = partiesFile value = Parties.txt
key = internalIterationsNumber value = 1
key = threshold value = 7
key = primemod value = 31
connected
connected
connected
connected
connected
connected
connected
connected
connected
connected
connected
connected
connected
connected
connected
connected
connected
connected
connected
connected
connected
connected
connected
connected
connected
connected
connected
connected
key = partyID value = 0
key = partiesNumber value = 15
key = numBins value = 1727
key = inputsFile value = ../in_party_0.txt
key = outputsFile value = output.txt
key = circuitFile value = ic.txt
key = fieldType value = ZpMersenneByte
key = genRandomSharesType value = HIM
key = multType value = DN
key = verifyType value = Single
key = partiesFile value = Parties.txt
key = internalIterationsNumber value = 1
key = threshold value = 7
key = primemod value = 31
number of parties = 15
ID = 0
partiesFile = Parties.txt
in communication
num parties = 15
my id = 0
my port = 8000
other port = 8200
accepting...
channel established
my port = 8001
other port = 8400
accepting...
channel established
my port = 8002
other port = 8600
accepting...
channel established
my port = 8003
other port = 8800
accepting...
channel established
my port = 8004
other port = 9000
accepting...
channel established
my port = 8005
other port = 9200
accepting...
channel established
my port = 8006
other port = 9400
accepting...
channel established
my port = 8007
other port = 9600
accepting...
channel established
my port = 8008
other port = 9800
accepting...
channel established
my port = 8009
other port = 10000
accepting...
channel established
my port = 8010
other port = 10200
accepting...
channel established
my port = 8011
other port = 10400
accepting...
channel established
my port = 8012
other port = 10600
accepting...
channel established
my port = 8013
other port = 10800
accepting...
channel established
time in milliseconds initializationPhase: 0
client socket connect error (hangs).client socket connect error (hangs).client socket connect error (hangs).


client socket connect error (hangs).
client socket connect error (hangs).
client socket connect error (hangs).
client socket connect error (hangs).
client socket connect error (hangs).
client socket connect error (hangs).
client socket connect error (hangs).
client socket connect error (hangs).
client socket connect error (hangs).
client socket connect error (hangs).
client socket connect error (hangs).
client socket connect error (hangs).client socket connect error (hangs).client socket connect error (hangs).
client socket connect error (hangs).

client socket connect error (hangs).
client socket connect error (hangs).

client socket connect error (hangs).
client socket connect error (hangs).
client socket connect error (hangs).client socket connect error (hangs).

client socket connect error (hangs).
client socket connect error (hangs).
client socket connect error (hangs).
client socket connect error (hangs).client socket connect error (hangs).
client socket connect error (hangs).

client socket connect error (hangs).
client socket connect error (hangs).
client socket connect error (hangs).
client socket connect error (hangs).
client socket connect error (hangs).
0: Circuit evaluated in 70 milliseconds.
0: 0 found at 1350 positions. 
0: Printing timings...
0: Time for hashing 0.314051 ms
0: Time for OPRF 2.14138 ms
0: Time for polynomials 4645.75 ms
0: Time for transmission of the polynomials 6.95335e-310 ms
0: Time for OPPRF 5861.59 ms
0: Time for circuit 112.57 ms
0: Total runtime: 5974.31ms

0: Communication Statistics: 
0: Sent Data OPRF (MB): 1.92999
0: Received Data OPRF (MB): 1.92999
0: Sent Data Hint (MB): 1.10678
0: Received Data Hint (MB): 209.885
0: Sent Data Circuit (MB): 0.994415
0: Received Data Circuit (MB): 1.54781
0: Sent Data CryptFlow2 (MB): 23.3588
0: Received Data CryptFlow2 (MB): 23.3588
0: Total Sent Data (MB): 27.39
0: Total Received Data (MB): 236.721
0: Total Communication (MB): 264.111
