key = partyID value = 1
key = partiesNumber value = 15
key = numBins value = 7084
key = inputsFile value = ../in_party_1.txt
key = outputsFile value = output.txt
key = circuitFile value = ic.txt
key = fieldType value = ZpMersenneByte
key = genRandomSharesType value = HIM
key = multType value = DN
key = verifyType value = Single
key = partiesFile value = Parties.txt
key = internalIterationsNumber value = 1
key = threshold value = 7
key = primemod value = 31
connected
connected
key = partyID value = 1
key = partiesNumber value = 15
key = numBins value = 7084
key = inputsFile value = ../in_party_1.txt
key = outputsFile value = output.txt
key = circuitFile value = ic.txt
key = fieldType value = ZpMersenneByte
key = genRandomSharesType value = HIM
key = multType value = DN
key = verifyType value = Single
key = partiesFile value = Parties.txt
key = internalIterationsNumber value = 1
key = threshold value = 7
key = primemod value = 31
number of parties = 15
ID = 1
partiesFile = Parties.txt
in communication
num parties = 15
my id = 1
my port = 8200
other port = 8000
Failed to connect. sleeping for 500 milliseconds, connect: Connection refused
accepting...
channel established
my port = 8201
other port = 8401
Failed to connect. sleeping for 500 milliseconds, connect: Connection refused
accepting...
channel established
my port = 8202
other port = 8601
accepting...
channel established
my port = 8203
other port = 8801
accepting...
channel established
my port = 8204
other port = 9001
accepting...
channel established
my port = 8205
other port = 9201
accepting...
channel established
my port = 8206
other port = 9401
accepting...
channel established
my port = 8207
other port = 9601
accepting...
channel established
my port = 8208
other port = 9801
accepting...
channel established
my port = 8209
other port = 10001
accepting...
channel established
my port = 8210
other port = 10201
accepting...
channel established
my port = 8211
other port = 10401
accepting...
channel established
my port = 8212
other port = 10601
accepting...
channel established
my port = 8213
other port = 10801
accepting...
channel established
time in milliseconds initializationPhase: 0
max_observed_bin_size: 2025
SH Time measured: 8.070 seconds.
S0 Time measured: 11.844 seconds. For OPRF and then OPPRF start
-----------------Internal time---------------------
S1 Time measured: 0.000 seconds. OPPRF start
S2 Time measured: 17.280 seconds. for cuckoo hash
S3 Time measured: 26.770 seconds. for intert table(hints) RB-OPPRF
S4 Time measured: 26.856 seconds. send hints 
S5 Time measured: 27.296 seconds. receive table
S6 Time measured: 27.297 seconds. OPPRF end
-----------------Internal time---------------------
S8 Time measured: 45.770 seconds. End For OPPRF 
S9 Time measured: 46.439 seconds. After EQ+B2A
EQ + B2A cost 4030934Bytes
1: Circuit evaluated in 97 milliseconds.
1: Printing timings...
1: Time for hashing 5844.47 ms
1: Time for OPRF 8.71748 ms
1: Time for polynomials 6.95313e-310 ms
1: Time for transmission of the polynomials 6.92679e-310 ms
1: Time for OPPRF 46441.3 ms
1: Time for circuit 359.957 ms
1: Total runtime: 46801.3ms

1: Communication Statistics: 
1: Sent Data OPRF (MB): 0.464822
1: Received Data OPRF (MB): 0.464822
1: Sent Data Hint (MB): 125.76
1: Received Data Hint (MB): 0.32428
1: Sent Data Circuit (MB): 1.61638
1: Received Data Circuit (MB): 1.44073
1: Sent Data CryptFlow2 (MB): 3.8442
1: Received Data CryptFlow2 (MB): 3.8442
1: Total Sent Data (MB): 131.685
1: Total Received Data (MB): 6.07403
1: Total Communication (MB): 137.759
