key = partyID value = 10
key = partiesNumber value = 15
key = numBins value = 1727
key = inputsFile value = ../in_party_10.txt
key = outputsFile value = output.txt
key = circuitFile value = ic.txt
key = fieldType value = ZpMersenneByte
key = genRandomSharesType value = HIM
key = multType value = DN
key = verifyType value = Single
key = partiesFile value = Parties.txt
key = internalIterationsNumber value = 1
key = threshold value = 7
key = primemod value = 31
connected
connected
key = partyID value = 10
key = partiesNumber value = 15
key = numBins value = 1727
key = inputsFile value = ../in_party_10.txt
key = outputsFile value = output.txt
key = circuitFile value = ic.txt
key = fieldType value = ZpMersenneByte
key = genRandomSharesType value = HIM
key = multType value = DN
key = verifyType value = Single
key = partiesFile value = Parties.txt
key = internalIterationsNumber value = 1
key = threshold value = 7
key = primemod value = 31
number of parties = 15
ID = 10
partiesFile = Parties.txt
in communication
num parties = 15
my id = 10
my port = 10000
other port = 8009
Failed to connect. sleeping for 500 milliseconds, connect: Connection refused
accepting...
channel established
my port = 10001
other port = 8209
Failed to connect. sleeping for 500 milliseconds, connect: Connection refused
accepting...
channel established
my port = 10002
other port = 8409
Failed to connect. sleeping for 500 milliseconds, connect: Connection refused
accepting...
channel established
my port = 10003
other port = 8609
Failed to connect. sleeping for 500 milliseconds, connect: Connection refused
accepting...
channel established
my port = 10004
other port = 8809
Failed to connect. sleeping for 500 milliseconds, connect: Connection refused
accepting...
channel established
my port = 10005
other port = 9009
Failed to connect. sleeping for 500 milliseconds, connect: Connection refused
accepting...
channel established
my port = 10006
other port = 9209
Failed to connect. sleeping for 500 milliseconds, connect: Connection refused
accepting...
channel established
my port = 10007
other port = 9409
Failed to connect. sleeping for 500 milliseconds, connect: Connection refused
accepting...
channel established
my port = 10008
other port = 9609
Failed to connect. sleeping for 500 milliseconds, connect: Connection refused
accepting...
channel established
my port = 10009
other port = 9809
accepting...
channel established
my port = 10010
other port = 10210
Failed to connect. sleeping for 500 milliseconds, connect: Connection refused
accepting...
channel established
my port = 10011
other port = 10410
accepting...
channel established
my port = 10012
other port = 10610
accepting...
channel established
my port = 10013
other port = 10810
accepting...
channel established
time in milliseconds initializationPhase: 0
max_observed_bin_size: 955
SH Time measured: 0.752 seconds.
S0 Time measured: 1.588 seconds. For OPRF and then OPPRF start
-----------------Internal time---------------------
S1 Time measured: 0.000 seconds. OPPRF start
S2 Time measured: 1.769 seconds. for cuckoo hash
S3 Time measured: 2.795 seconds. for intert table(hints) RB-OPPRF
S4 Time measured: 2.802 seconds. send hints 
S5 Time measured: 3.251 seconds. receive table
S6 Time measured: 3.251 seconds. OPPRF end
-----------------Internal time---------------------
S8 Time measured: 5.509 seconds. End For OPPRF 
S9 Time measured: 5.857 seconds. After EQ+B2A
EQ + B2A cost 1749532Bytes
10: Circuit evaluated in 57 milliseconds.
10: Printing timings...
10: Time for hashing 570.622 ms
10: Time for OPRF 34.4651 ms
10: Time for polynomials 6.95313e-310 ms
10: Time for transmission of the polynomials 6.95313e-310 ms
10: Time for OPPRF 5857.1 ms
10: Time for circuit 107.19 ms
10: Total runtime: 5964.3ms

10: Communication Statistics: 
10: Sent Data OPRF (MB): 0.137856
10: Received Data OPRF (MB): 0.137856
10: Sent Data Hint (MB): 14.9918
10: Received Data Hint (MB): 0.0790558
10: Sent Data Circuit (MB): 0.370204
10: Received Data Circuit (MB): 0.330676
10: Sent Data CryptFlow2 (MB): 1.66848
10: Received Data CryptFlow2 (MB): 1.66848
10: Total Sent Data (MB): 17.1683
10: Total Received Data (MB): 2.21607
10: Total Communication (MB): 19.3844
corrupted size vs. prev_size while consolidating
