key = partyID value = 12
key = partiesNumber value = 15
key = numBins value = 7084
key = inputsFile value = ../in_party_12.txt
key = outputsFile value = output.txt
key = circuitFile value = ic.txt
key = fieldType value = ZpMersenneByte
key = genRandomSharesType value = HIM
key = multType value = DN
key = verifyType value = Single
key = partiesFile value = Parties.txt
key = internalIterationsNumber value = 1
key = threshold value = 7
key = primemod value = 31
connected
connected
key = partyID value = 12
key = partiesNumber value = 15
key = numBins value = 7084
key = inputsFile value = ../in_party_12.txt
key = outputsFile value = output.txt
key = circuitFile value = ic.txt
key = fieldType value = ZpMersenneByte
key = genRandomSharesType value = HIM
key = multType value = DN
key = verifyType value = Single
key = partiesFile value = Parties.txt
key = internalIterationsNumber value = 1
key = threshold value = 7
key = primemod value = 31
number of parties = 15
ID = 12
partiesFile = Parties.txt
in communication
num parties = 15
my id = 12
my port = 10400
other port = 8011
Failed to connect. sleeping for 500 milliseconds, connect: Connection refused
accepting...
channel established
my port = 10401
other port = 8211
Failed to connect. sleeping for 500 milliseconds, connect: Connection refused
accepting...
channel established
my port = 10402
other port = 8411
Failed to connect. sleeping for 500 milliseconds, connect: Connection refused
accepting...
channel established
my port = 10403
other port = 8611
Failed to connect. sleeping for 500 milliseconds, connect: Connection refused
accepting...
channel established
my port = 10404
other port = 8811
Failed to connect. sleeping for 500 milliseconds, connect: Connection refused
accepting...
channel established
my port = 10405
other port = 9011
Failed to connect. sleeping for 500 milliseconds, connect: Connection refused
accepting...
channel established
my port = 10406
other port = 9211
Failed to connect. sleeping for 500 milliseconds, connect: Connection refused
accepting...
channel established
my port = 10407
other port = 9411
Failed to connect. sleeping for 500 milliseconds, connect: Connection refused
accepting...
channel established
my port = 10408
other port = 9611
Failed to connect. sleeping for 500 milliseconds, connect: Connection refused
accepting...
channel established
my port = 10409
other port = 9811
Failed to connect. sleeping for 500 milliseconds, connect: Connection refused
accepting...
channel established
my port = 10410
other port = 10011
Failed to connect. sleeping for 500 milliseconds, connect: Connection refused
accepting...
channel established
my port = 10411
other port = 10211
accepting...
channel established
my port = 10412
other port = 10612
Failed to connect. sleeping for 500 milliseconds, connect: Connection refused
accepting...
channel established
my port = 10413
other port = 10812
accepting...
channel established
time in milliseconds initializationPhase: 0
max_observed_bin_size: 2025
SH Time measured: 8.362 seconds.
S0 Time measured: 11.882 seconds. For OPRF and then OPPRF start
-----------------Internal time---------------------
S1 Time measured: 0.000 seconds. OPPRF start
S2 Time measured: 17.285 seconds. for cuckoo hash
S3 Time measured: 26.839 seconds. for intert table(hints) RB-OPPRF
S4 Time measured: 26.914 seconds. send hints 
S5 Time measured: 27.310 seconds. receive table
S6 Time measured: 27.311 seconds. OPPRF end
-----------------Internal time---------------------
S8 Time measured: 45.757 seconds. End For OPPRF 
S9 Time measured: 46.516 seconds. After EQ+B2A
EQ + B2A cost 4030934Bytes
12: Circuit evaluated in 106 milliseconds.
12: Printing timings...
12: Time for hashing 6069.07 ms
12: Time for OPRF 3.56869 ms
12: Time for polynomials 1.61364e-316 ms
12: Time for transmission of the polynomials 6.94177e-310 ms
12: Time for OPPRF 46517.6 ms
12: Time for circuit 283.846 ms
12: Total runtime: 46801.5ms

12: Communication Statistics: 
12: Sent Data OPRF (MB): 0.464822
12: Received Data OPRF (MB): 0.464822
12: Sent Data Hint (MB): 125.76
12: Received Data Hint (MB): 0.32428
12: Sent Data Circuit (MB): 1.61638
12: Received Data Circuit (MB): 1.44073
12: Sent Data CryptFlow2 (MB): 3.8442
12: Received Data CryptFlow2 (MB): 3.8442
12: Total Sent Data (MB): 131.685
12: Total Received Data (MB): 6.07403
12: Total Communication (MB): 137.759
