key = partyID value = 13
key = partiesNumber value = 15
key = numBins value = 7084
key = inputsFile value = ../in_party_13.txt
key = outputsFile value = output.txt
key = circuitFile value = ic.txt
key = fieldType value = ZpMersenneByte
key = genRandomSharesType value = HIM
key = multType value = DN
key = verifyType value = Single
key = partiesFile value = Parties.txt
key = internalIterationsNumber value = 1
key = threshold value = 7
key = primemod value = 31
connected
connected
key = partyID value = 13
key = partiesNumber value = 15
key = numBins value = 7084
key = inputsFile value = ../in_party_13.txt
key = outputsFile value = output.txt
key = circuitFile value = ic.txt
key = fieldType value = ZpMersenneByte
key = genRandomSharesType value = HIM
key = multType value = DN
key = verifyType value = Single
key = partiesFile value = Parties.txt
key = internalIterationsNumber value = 1
key = threshold value = 7
key = primemod value = 31
number of parties = 15
ID = 13
partiesFile = Parties.txt
in communication
num parties = 15
my id = 13
my port = 10600
other port = 8012
Failed to connect. sleeping for 500 milliseconds, connect: Connection refused
accepting...
channel established
my port = 10601
other port = 8212
Failed to connect. sleeping for 500 milliseconds, connect: Connection refused
accepting...
channel established
my port = 10602
other port = 8412
Failed to connect. sleeping for 500 milliseconds, connect: Connection refused
accepting...
channel established
my port = 10603
other port = 8612
Failed to connect. sleeping for 500 milliseconds, connect: Connection refused
accepting...
channel established
my port = 10604
other port = 8812
Failed to connect. sleeping for 500 milliseconds, connect: Connection refused
accepting...
channel established
my port = 10605
other port = 9012
Failed to connect. sleeping for 500 milliseconds, connect: Connection refused
accepting...
channel established
my port = 10606
other port = 9212
Failed to connect. sleeping for 500 milliseconds, connect: Connection refused
accepting...
channel established
my port = 10607
other port = 9412
Failed to connect. sleeping for 500 milliseconds, connect: Connection refused
accepting...
channel established
my port = 10608
other port = 9612
Failed to connect. sleeping for 500 milliseconds, connect: Connection refused
accepting...
channel established
my port = 10609
other port = 9812
Failed to connect. sleeping for 500 milliseconds, connect: Connection refused
accepting...
channel established
my port = 10610
other port = 10012
Failed to connect. sleeping for 500 milliseconds, connect: Connection refused
accepting...
channel established
my port = 10611
other port = 10212
Failed to connect. sleeping for 500 milliseconds, connect: Connection refused
accepting...
channel established
my port = 10612
other port = 10412
accepting...
channel established
my port = 10613
other port = 10813
Failed to connect. sleeping for 500 milliseconds, connect: Connection refused
accepting...
channel established
time in milliseconds initializationPhase: 0
max_observed_bin_size: 2025
SH Time measured: 8.145 seconds.
S0 Time measured: 11.706 seconds. For OPRF and then OPPRF start
-----------------Internal time---------------------
S1 Time measured: 0.000 seconds. OPPRF start
S2 Time measured: 16.937 seconds. for cuckoo hash
S3 Time measured: 26.346 seconds. for intert table(hints) RB-OPPRF
S4 Time measured: 26.423 seconds. send hints 
S5 Time measured: 26.821 seconds. receive table
S6 Time measured: 26.822 seconds. OPPRF end
-----------------Internal time---------------------
S8 Time measured: 45.137 seconds. End For OPPRF 
S9 Time measured: 46.528 seconds. After EQ+B2A
EQ + B2A cost 4030934Bytes
13: Circuit evaluated in 106 milliseconds.
13: Printing timings...
13: Time for hashing 5836.14 ms
13: Time for OPRF 3.28027 ms
13: Time for polynomials 6.95266e-310 ms
13: Time for transmission of the polynomials 6.95074e-310 ms
13: Time for OPPRF 46530 ms
13: Time for circuit 271.006 ms
13: Total runtime: 46801.1ms

13: Communication Statistics: 
13: Sent Data OPRF (MB): 0.464822
13: Received Data OPRF (MB): 0.464822
13: Sent Data Hint (MB): 125.76
13: Received Data Hint (MB): 0.32428
13: Sent Data Circuit (MB): 1.61638
13: Received Data Circuit (MB): 1.44073
13: Sent Data CryptFlow2 (MB): 3.8442
13: Received Data CryptFlow2 (MB): 3.8442
13: Total Sent Data (MB): 131.685
13: Total Received Data (MB): 6.07403
13: Total Communication (MB): 137.759
