key = partyID value = 15
key = partiesNumber value = 20
key = numBins value = 83886
key = inputsFile value = ../in_party_15.txt
key = outputsFile value = output.txt
key = circuitFile value = ic.txt
key = fieldType value = ZpMersenneByte
key = genRandomSharesType value = HIM
key = multType value = DN
key = verifyType value = Single
key = partiesFile value = Parties.txt
key = internalIterationsNumber value = 1
key = threshold value = 10
key = primemod value = 31
connected
connected
key = partyID value = 15
key = partiesNumber value = 20
key = numBins value = 83886
key = inputsFile value = ../in_party_15.txt
key = outputsFile value = output.txt
key = circuitFile value = ic.txt
key = fieldType value = ZpMersenneByte
key = genRandomSharesType value = HIM
key = multType value = DN
key = verifyType value = Single
key = partiesFile value = Parties.txt
key = internalIterationsNumber value = 1
key = threshold value = 10
key = primemod value = 31
number of parties = 20
ID = 15
partiesFile = Parties.txt
in communication
num parties = 20
my id = 15
my port = 11000
other port = 8014
Failed to connect. sleeping for 500 milliseconds, connect: Connection refused
accepting...
channel established
my port = 11001
other port = 8214
Failed to connect. sleeping for 500 milliseconds, connect: Connection refused
accepting...
channel established
my port = 11002
other port = 8414
Failed to connect. sleeping for 500 milliseconds, connect: Connection refused
accepting...
channel established
my port = 11003
other port = 8614
Failed to connect. sleeping for 500 milliseconds, connect: Connection refused
accepting...
channel established
my port = 11004
other port = 8814
Failed to connect. sleeping for 500 milliseconds, connect: Connection refused
accepting...
channel established
my port = 11005
other port = 9014
Failed to connect. sleeping for 500 milliseconds, connect: Connection refused
accepting...
channel established
my port = 11006
other port = 9214
Failed to connect. sleeping for 500 milliseconds, connect: Connection refused
accepting...
channel established
my port = 11007
other port = 9414
Failed to connect. sleeping for 500 milliseconds, connect: Connection refused
accepting...
channel established
my port = 11008
other port = 9614
Failed to connect. sleeping for 500 milliseconds, connect: Connection refused
accepting...
channel established
my port = 11009
other port = 9814
Failed to connect. sleeping for 500 milliseconds, connect: Connection refused
accepting...
channel established
my port = 11010
other port = 10014
Failed to connect. sleeping for 500 milliseconds, connect: Connection refused
accepting...
channel established
my port = 11011
other port = 10214
Failed to connect. sleeping for 500 milliseconds, connect: Connection refused
accepting...
channel established
my port = 11012
other port = 10414
Failed to connect. sleeping for 500 milliseconds, connect: Connection refused
accepting...
channel established
my port = 11013
other port = 10614
Failed to connect. sleeping for 500 milliseconds, connect: Connection refused
accepting...
channel established
my port = 11014
other port = 10814
accepting...
channel established
my port = 11015
other port = 11215
Failed to connect. sleeping for 500 milliseconds, connect: Connection refused
accepting...
channel established
my port = 11016
other port = 11415
accepting...
channel established
my port = 11017
other port = 11615
accepting...
channel established
my port = 11018
other port = 11815
accepting...
channel established
time in milliseconds initializationPhase: 0
max_observed_bin_size: 11
EQ + B2A cost 35506774Bytes
15: Circuit evaluated in 1129 milliseconds.
15: Printing timings...
15: Time for hashing 124.978 ms
15: Time for OPRF 62.3476 ms
15: Time for polynomials 6.92669e-310 ms
15: Time for transmission of the polynomials 4.94066e-324 ms
15: Time for OPPRF 4563.95 ms
15: Time for circuit 3300.09 ms
15: Total runtime: 7865.86ms

15: Communication Statistics: 
15: Sent Data OPRF (MB): 5.15244
15: Received Data OPRF (MB): 5.15244
15: Sent Data Hint (MB): 1.965
15: Received Data Hint (MB): 3.84
15: Sent Data Circuit (MB): 20.0801
15: Received Data Circuit (MB): 18.0001
15: Sent Data CryptFlow2 (MB): 33.8619
15: Received Data CryptFlow2 (MB): 33.8619
15: Total Sent Data (MB): 61.0594
15: Total Received Data (MB): 60.8544
