key = partyID value = 16
key = partiesNumber value = 20
key = numBins value = 83886
key = inputsFile value = ../in_party_16.txt
key = outputsFile value = output.txt
key = circuitFile value = ic.txt
key = fieldType value = ZpMersenneByte
key = genRandomSharesType value = HIM
key = multType value = DN
key = verifyType value = Single
key = partiesFile value = Parties.txt
key = internalIterationsNumber value = 1
key = threshold value = 10
key = primemod value = 31
connected
connected
key = partyID value = 16
key = partiesNumber value = 20
key = numBins value = 83886
key = inputsFile value = ../in_party_16.txt
key = outputsFile value = output.txt
key = circuitFile value = ic.txt
key = fieldType value = ZpMersenneByte
key = genRandomSharesType value = HIM
key = multType value = DN
key = verifyType value = Single
key = partiesFile value = Parties.txt
key = internalIterationsNumber value = 1
key = threshold value = 10
key = primemod value = 31
number of parties = 20
ID = 16
partiesFile = Parties.txt
in communication
num parties = 20
my id = 16
my port = 11200
other port = 8015
Failed to connect. sleeping for 500 milliseconds, connect: Connection refused
accepting...
channel established
my port = 11201
other port = 8215
Failed to connect. sleeping for 500 milliseconds, connect: Connection refused
accepting...
channel established
my port = 11202
other port = 8415
Failed to connect. sleeping for 500 milliseconds, connect: Connection refused
accepting...
channel established
my port = 11203
other port = 8615
Failed to connect. sleeping for 500 milliseconds, connect: Connection refused
accepting...
channel established
my port = 11204
other port = 8815
Failed to connect. sleeping for 500 milliseconds, connect: Connection refused
accepting...
channel established
my port = 11205
other port = 9015
Failed to connect. sleeping for 500 milliseconds, connect: Connection refused
accepting...
channel established
my port = 11206
other port = 9215
Failed to connect. sleeping for 500 milliseconds, connect: Connection refused
accepting...
channel established
my port = 11207
other port = 9415
Failed to connect. sleeping for 500 milliseconds, connect: Connection refused
accepting...
channel established
my port = 11208
other port = 9615
Failed to connect. sleeping for 500 milliseconds, connect: Connection refused
accepting...
channel established
my port = 11209
other port = 9815
Failed to connect. sleeping for 500 milliseconds, connect: Connection refused
accepting...
channel established
my port = 11210
other port = 10015
Failed to connect. sleeping for 500 milliseconds, connect: Connection refused
accepting...
channel established
my port = 11211
other port = 10215
Failed to connect. sleeping for 500 milliseconds, connect: Connection refused
accepting...
channel established
my port = 11212
other port = 10415
Failed to connect. sleeping for 500 milliseconds, connect: Connection refused
accepting...
channel established
my port = 11213
other port = 10615
Failed to connect. sleeping for 500 milliseconds, connect: Connection refused
accepting...
channel established
my port = 11214
other port = 10815
Failed to connect. sleeping for 500 milliseconds, connect: Connection refused
accepting...
channel established
my port = 11215
other port = 11015
accepting...
channel established
my port = 11216
other port = 11416
Failed to connect. sleeping for 500 milliseconds, connect: Connection refused
accepting...
channel established
my port = 11217
other port = 11616
accepting...
channel established
my port = 11218
other port = 11816
accepting...
channel established
time in milliseconds initializationPhase: 0
max_observed_bin_size: 11
EQ + B2A cost 35506774Bytes
16: Circuit evaluated in 1121 milliseconds.
16: Printing timings...
16: Time for hashing 125.302 ms
16: Time for OPRF 51.1846 ms
16: Time for polynomials 6.9529e-310 ms
16: Time for transmission of the polynomials 6.9529e-310 ms
16: Time for OPPRF 4456.41 ms
16: Time for circuit 3407.22 ms
16: Total runtime: 7865.47ms

16: Communication Statistics: 
16: Sent Data OPRF (MB): 5.15244
16: Received Data OPRF (MB): 5.15244
16: Sent Data Hint (MB): 1.965
16: Received Data Hint (MB): 3.84
16: Sent Data Circuit (MB): 20.0801
16: Received Data Circuit (MB): 18.0001
16: Sent Data CryptFlow2 (MB): 33.8619
16: Received Data CryptFlow2 (MB): 33.8619
16: Total Sent Data (MB): 61.0594
16: Total Received Data (MB): 60.8544
