key = partyID value = 17
key = partiesNumber value = 20
key = numBins value = 83886
key = inputsFile value = ../in_party_17.txt
key = outputsFile value = output.txt
key = circuitFile value = ic.txt
key = fieldType value = ZpMersenneByte
key = genRandomSharesType value = HIM
key = multType value = DN
key = verifyType value = Single
key = partiesFile value = Parties.txt
key = internalIterationsNumber value = 1
key = threshold value = 10
key = primemod value = 31
connected
connected
key = partyID value = 17
key = partiesNumber value = 20
key = numBins value = 83886
key = inputsFile value = ../in_party_17.txt
key = outputsFile value = output.txt
key = circuitFile value = ic.txt
key = fieldType value = ZpMersenneByte
key = genRandomSharesType value = HIM
key = multType value = DN
key = verifyType value = Single
key = partiesFile value = Parties.txt
key = internalIterationsNumber value = 1
key = threshold value = 10
key = primemod value = 31
number of parties = 20
ID = 17
partiesFile = Parties.txt
in communication
num parties = 20
my id = 17
my port = 11400
other port = 8016
Failed to connect. sleeping for 500 milliseconds, connect: Connection refused
accepting...
channel established
my port = 11401
other port = 8216
Failed to connect. sleeping for 500 milliseconds, connect: Connection refused
accepting...
channel established
my port = 11402
other port = 8416
Failed to connect. sleeping for 500 milliseconds, connect: Connection refused
accepting...
channel established
my port = 11403
other port = 8616
Failed to connect. sleeping for 500 milliseconds, connect: Connection refused
accepting...
channel established
my port = 11404
other port = 8816
Failed to connect. sleeping for 500 milliseconds, connect: Connection refused
accepting...
channel established
my port = 11405
other port = 9016
Failed to connect. sleeping for 500 milliseconds, connect: Connection refused
accepting...
channel established
my port = 11406
other port = 9216
Failed to connect. sleeping for 500 milliseconds, connect: Connection refused
accepting...
channel established
my port = 11407
other port = 9416
Failed to connect. sleeping for 500 milliseconds, connect: Connection refused
accepting...
channel established
my port = 11408
other port = 9616
Failed to connect. sleeping for 500 milliseconds, connect: Connection refused
accepting...
channel established
my port = 11409
other port = 9816
Failed to connect. sleeping for 500 milliseconds, connect: Connection refused
accepting...
channel established
my port = 11410
other port = 10016
Failed to connect. sleeping for 500 milliseconds, connect: Connection refused
accepting...
channel established
my port = 11411
other port = 10216
Failed to connect. sleeping for 500 milliseconds, connect: Connection refused
accepting...
channel established
my port = 11412
other port = 10416
Failed to connect. sleeping for 500 milliseconds, connect: Connection refused
accepting...
channel established
my port = 11413
other port = 10616
Failed to connect. sleeping for 500 milliseconds, connect: Connection refused
accepting...
channel established
my port = 11414
other port = 10816
Failed to connect. sleeping for 500 milliseconds, connect: Connection refused
accepting...
channel established
my port = 11415
other port = 11016
Failed to connect. sleeping for 500 milliseconds, connect: Connection refused
accepting...
channel established
my port = 11416
other port = 11216
accepting...
channel established
my port = 11417
other port = 11617
Failed to connect. sleeping for 500 milliseconds, connect: Connection refused
accepting...
channel established
my port = 11418
other port = 11817
accepting...
channel established
time in milliseconds initializationPhase: 0
max_observed_bin_size: 11
EQ + B2A cost 35506774Bytes
17: Circuit evaluated in 946 milliseconds.
17: Printing timings...
17: Time for hashing 124.773 ms
17: Time for OPRF 125.852 ms
17: Time for polynomials 6.95317e-310 ms
17: Time for transmission of the polynomials 6.95317e-310 ms
17: Time for OPPRF 4435.02 ms
17: Time for circuit 3435.44 ms
17: Total runtime: 7872.33ms

17: Communication Statistics: 
17: Sent Data OPRF (MB): 5.15244
17: Received Data OPRF (MB): 5.15244
17: Sent Data Hint (MB): 1.965
17: Received Data Hint (MB): 3.84
17: Sent Data Circuit (MB): 20.0801
17: Received Data Circuit (MB): 18.0001
17: Sent Data CryptFlow2 (MB): 33.8619
17: Received Data CryptFlow2 (MB): 33.8619
17: Total Sent Data (MB): 61.0594
17: Total Received Data (MB): 60.8544
