key = partyID value = 18
key = partiesNumber value = 20
key = numBins value = 83886
key = inputsFile value = ../in_party_18.txt
key = outputsFile value = output.txt
key = circuitFile value = ic.txt
key = fieldType value = ZpMersenneByte
key = genRandomSharesType value = HIM
key = multType value = DN
key = verifyType value = Single
key = partiesFile value = Parties.txt
key = internalIterationsNumber value = 1
key = threshold value = 10
key = primemod value = 31
connected
connected
key = partyID value = 18
key = partiesNumber value = 20
key = numBins value = 83886
key = inputsFile value = ../in_party_18.txt
key = outputsFile value = output.txt
key = circuitFile value = ic.txt
key = fieldType value = ZpMersenneByte
key = genRandomSharesType value = HIM
key = multType value = DN
key = verifyType value = Single
key = partiesFile value = Parties.txt
key = internalIterationsNumber value = 1
key = threshold value = 10
key = primemod value = 31
number of parties = 20
ID = 18
partiesFile = Parties.txt
in communication
num parties = 20
my id = 18
my port = 11600
other port = 8017
Failed to connect. sleeping for 500 milliseconds, connect: Connection refused
accepting...
channel established
my port = 11601
other port = 8217
Failed to connect. sleeping for 500 milliseconds, connect: Connection refused
accepting...
channel established
my port = 11602
other port = 8417
Failed to connect. sleeping for 500 milliseconds, connect: Connection refused
accepting...
channel established
my port = 11603
other port = 8617
Failed to connect. sleeping for 500 milliseconds, connect: Connection refused
accepting...
channel established
my port = 11604
other port = 8817
Failed to connect. sleeping for 500 milliseconds, connect: Connection refused
accepting...
channel established
my port = 11605
other port = 9017
Failed to connect. sleeping for 500 milliseconds, connect: Connection refused
accepting...
channel established
my port = 11606
other port = 9217
Failed to connect. sleeping for 500 milliseconds, connect: Connection refused
accepting...
channel established
my port = 11607
other port = 9417
Failed to connect. sleeping for 500 milliseconds, connect: Connection refused
accepting...
channel established
my port = 11608
other port = 9617
Failed to connect. sleeping for 500 milliseconds, connect: Connection refused
accepting...
channel established
my port = 11609
other port = 9817
Failed to connect. sleeping for 500 milliseconds, connect: Connection refused
accepting...
channel established
my port = 11610
other port = 10017
Failed to connect. sleeping for 500 milliseconds, connect: Connection refused
accepting...
channel established
my port = 11611
other port = 10217
Failed to connect. sleeping for 500 milliseconds, connect: Connection refused
accepting...
channel established
my port = 11612
other port = 10417
Failed to connect. sleeping for 500 milliseconds, connect: Connection refused
accepting...
channel established
my port = 11613
other port = 10617
Failed to connect. sleeping for 500 milliseconds, connect: Connection refused
accepting...
channel established
my port = 11614
other port = 10817
Failed to connect. sleeping for 500 milliseconds, connect: Connection refused
accepting...
channel established
my port = 11615
other port = 11017
Failed to connect. sleeping for 500 milliseconds, connect: Connection refused
accepting...
channel established
my port = 11616
other port = 11217
Failed to connect. sleeping for 500 milliseconds, connect: Connection refused
accepting...
channel established
my port = 11617
other port = 11417
accepting...
channel established
my port = 11618
other port = 11818
Failed to connect. sleeping for 500 milliseconds, connect: Connection refused
accepting...
channel established
time in milliseconds initializationPhase: 0
max_observed_bin_size: 11
EQ + B2A cost 35506774Bytes
18: Circuit evaluated in 934 milliseconds.
18: Printing timings...
18: Time for hashing 125.788 ms
18: Time for OPRF 44.5173 ms
18: Time for polynomials 6.95319e-310 ms
18: Time for transmission of the polynomials 6.95319e-310 ms
18: Time for OPPRF 4534.71 ms
18: Time for circuit 3329.03 ms
18: Total runtime: 7865.57ms

18: Communication Statistics: 
18: Sent Data OPRF (MB): 5.15244
18: Received Data OPRF (MB): 5.15244
18: Sent Data Hint (MB): 1.965
18: Received Data Hint (MB): 3.84
18: Sent Data Circuit (MB): 20.0801
18: Received Data Circuit (MB): 18.0001
18: Sent Data CryptFlow2 (MB): 33.8619
18: Received Data CryptFlow2 (MB): 33.8619
18: Total Sent Data (MB): 61.0594
18: Total Received Data (MB): 60.8544
