key = partyID value = 19
key = partiesNumber value = 20
key = numBins value = 83886
key = inputsFile value = ../in_party_19.txt
key = outputsFile value = output.txt
key = circuitFile value = ic.txt
key = fieldType value = ZpMersenneByte
key = genRandomSharesType value = HIM
key = multType value = DN
key = verifyType value = Single
key = partiesFile value = Parties.txt
key = internalIterationsNumber value = 1
key = threshold value = 10
key = primemod value = 31
connected
connected
key = partyID value = 19
key = partiesNumber value = 20
key = numBins value = 83886
key = inputsFile value = ../in_party_19.txt
key = outputsFile value = output.txt
key = circuitFile value = ic.txt
key = fieldType value = ZpMersenneByte
key = genRandomSharesType value = HIM
key = multType value = DN
key = verifyType value = Single
key = partiesFile value = Parties.txt
key = internalIterationsNumber value = 1
key = threshold value = 10
key = primemod value = 31
number of parties = 20
ID = 19
partiesFile = Parties.txt
in communication
num parties = 20
my id = 19
my port = 11800
other port = 8018
Failed to connect. sleeping for 500 milliseconds, connect: Connection refused
accepting...
channel established
my port = 11801
other port = 8218
Failed to connect. sleeping for 500 milliseconds, connect: Connection refused
accepting...
channel established
my port = 11802
other port = 8418
Failed to connect. sleeping for 500 milliseconds, connect: Connection refused
accepting...
channel established
my port = 11803
other port = 8618
Failed to connect. sleeping for 500 milliseconds, connect: Connection refused
accepting...
channel established
my port = 11804
other port = 8818
Failed to connect. sleeping for 500 milliseconds, connect: Connection refused
accepting...
channel established
my port = 11805
other port = 9018
Failed to connect. sleeping for 500 milliseconds, connect: Connection refused
accepting...
channel established
my port = 11806
other port = 9218
Failed to connect. sleeping for 500 milliseconds, connect: Connection refused
accepting...
channel established
my port = 11807
other port = 9418
Failed to connect. sleeping for 500 milliseconds, connect: Connection refused
accepting...
channel established
my port = 11808
other port = 9618
Failed to connect. sleeping for 500 milliseconds, connect: Connection refused
accepting...
channel established
my port = 11809
other port = 9818
Failed to connect. sleeping for 500 milliseconds, connect: Connection refused
accepting...
channel established
my port = 11810
other port = 10018
Failed to connect. sleeping for 500 milliseconds, connect: Connection refused
accepting...
channel established
my port = 11811
other port = 10218
Failed to connect. sleeping for 500 milliseconds, connect: Connection refused
accepting...
channel established
my port = 11812
other port = 10418
Failed to connect. sleeping for 500 milliseconds, connect: Connection refused
accepting...
channel established
my port = 11813
other port = 10618
Failed to connect. sleeping for 500 milliseconds, connect: Connection refused
accepting...
channel established
my port = 11814
other port = 10818
Failed to connect. sleeping for 500 milliseconds, connect: Connection refused
accepting...
channel established
my port = 11815
other port = 11018
Failed to connect. sleeping for 500 milliseconds, connect: Connection refused
accepting...
channel established
my port = 11816
other port = 11218
Failed to connect. sleeping for 500 milliseconds, connect: Connection refused
accepting...
channel established
my port = 11817
other port = 11418
Failed to connect. sleeping for 500 milliseconds, connect: Connection refused
accepting...
channel established
my port = 11818
other port = 11618
accepting...
channel established
time in milliseconds initializationPhase: 0
max_observed_bin_size: 11
EQ + B2A cost 35506774Bytes
19: Circuit evaluated in 1116 milliseconds.
19: Printing timings...
19: Time for hashing 123.888 ms
19: Time for OPRF 48.3547 ms
19: Time for polynomials 6.90161e-310 ms
19: Time for transmission of the polynomials 4.94066e-324 ms
19: Time for OPPRF 4534.77 ms
19: Time for circuit 3328.94 ms
19: Total runtime: 7865.48ms

19: Communication Statistics: 
19: Sent Data OPRF (MB): 5.15244
19: Received Data OPRF (MB): 5.15244
19: Sent Data Hint (MB): 1.965
19: Received Data Hint (MB): 3.84
19: Sent Data Circuit (MB): 20.0801
19: Received Data Circuit (MB): 18.0001
19: Sent Data CryptFlow2 (MB): 33.8619
19: Received Data CryptFlow2 (MB): 33.8619
19: Total Sent Data (MB): 61.0594
19: Total Received Data (MB): 60.8544
