key = partyID value = 3
key = partiesNumber value = 15
key = numBins value = 1727
key = inputsFile value = ../in_party_3.txt
key = outputsFile value = output.txt
key = circuitFile value = ic.txt
key = fieldType value = ZpMersenneByte
key = genRandomSharesType value = HIM
key = multType value = DN
key = verifyType value = Single
key = partiesFile value = Parties.txt
key = internalIterationsNumber value = 1
key = threshold value = 7
key = primemod value = 31
connected
connected
key = partyID value = 3
key = partiesNumber value = 15
key = numBins value = 1727
key = inputsFile value = ../in_party_3.txt
key = outputsFile value = output.txt
key = circuitFile value = ic.txt
key = fieldType value = ZpMersenneByte
key = genRandomSharesType value = HIM
key = multType value = DN
key = verifyType value = Single
key = partiesFile value = Parties.txt
key = internalIterationsNumber value = 1
key = threshold value = 7
key = primemod value = 31
number of parties = 15
ID = 3
partiesFile = Parties.txt
in communication
num parties = 15
my id = 3
my port = 8600
other port = 8002
Failed to connect. sleeping for 500 milliseconds, connect: Connection refused
accepting...
channel established
my port = 8601
other port = 8202
Failed to connect. sleeping for 500 milliseconds, connect: Connection refused
accepting...
channel established
my port = 8602
other port = 8402
accepting...
channel established
my port = 8603
other port = 8803
Failed to connect. sleeping for 500 milliseconds, connect: Connection refused
accepting...
channel established
my port = 8604
other port = 9003
accepting...
channel established
my port = 8605
other port = 9203
accepting...
channel established
my port = 8606
other port = 9403
accepting...
channel established
my port = 8607
other port = 9603
accepting...
channel established
my port = 8608
other port = 9803
accepting...
channel established
my port = 8609
other port = 10003
accepting...
channel established
my port = 8610
other port = 10203
accepting...
channel established
my port = 8611
other port = 10403
accepting...
channel established
my port = 8612
other port = 10603
accepting...
channel established
my port = 8613
other port = 10803
accepting...
channel established
time in milliseconds initializationPhase: 0
max_observed_bin_size: 955
SH Time measured: 0.763 seconds.
S0 Time measured: 1.595 seconds. For OPRF and then OPPRF start
-----------------Internal time---------------------
S1 Time measured: 0.000 seconds. OPPRF start
S2 Time measured: 1.744 seconds. for cuckoo hash
S3 Time measured: 2.756 seconds. for intert table(hints) RB-OPPRF
S4 Time measured: 2.763 seconds. send hints 
S5 Time measured: 3.227 seconds. receive table
S6 Time measured: 3.228 seconds. OPPRF end
-----------------Internal time---------------------
S8 Time measured: 5.548 seconds. End For OPPRF 
S9 Time measured: 5.841 seconds. After EQ+B2A
EQ + B2A cost 1749532Bytes
3: Circuit evaluated in 61 milliseconds.
3: Printing timings...
3: Time for hashing 569.316 ms
3: Time for OPRF 12.9258 ms
3: Time for polynomials 6.95278e-310 ms
3: Time for transmission of the polynomials 6.95278e-310 ms
3: Time for OPPRF 5842.05 ms
3: Time for circuit 122.782 ms
3: Total runtime: 5964.85ms

3: Communication Statistics: 
3: Sent Data OPRF (MB): 0.137856
3: Received Data OPRF (MB): 0.137856
3: Sent Data Hint (MB): 14.9918
3: Received Data Hint (MB): 0.0790558
3: Sent Data Circuit (MB): 0.370204
3: Received Data Circuit (MB): 0.330676
3: Sent Data CryptFlow2 (MB): 1.66848
3: Received Data CryptFlow2 (MB): 1.66848
3: Total Sent Data (MB): 17.1683
3: Total Received Data (MB): 2.21607
3: Total Communication (MB): 19.3844
