key = partyID value = 6
key = partiesNumber value = 15
key = numBins value = 1727
key = inputsFile value = ../in_party_6.txt
key = outputsFile value = output.txt
key = circuitFile value = ic.txt
key = fieldType value = ZpMersenneByte
key = genRandomSharesType value = HIM
key = multType value = DN
key = verifyType value = Single
key = partiesFile value = Parties.txt
key = internalIterationsNumber value = 1
key = threshold value = 7
key = primemod value = 31
connected
connected
key = partyID value = 6
key = partiesNumber value = 15
key = numBins value = 1727
key = inputsFile value = ../in_party_6.txt
key = outputsFile value = output.txt
key = circuitFile value = ic.txt
key = fieldType value = ZpMersenneByte
key = genRandomSharesType value = HIM
key = multType value = DN
key = verifyType value = Single
key = partiesFile value = Parties.txt
key = internalIterationsNumber value = 1
key = threshold value = 7
key = primemod value = 31
number of parties = 15
ID = 6
partiesFile = Parties.txt
in communication
num parties = 15
my id = 6
my port = 9200
other port = 8005
Failed to connect. sleeping for 500 milliseconds, connect: Connection refused
accepting...
channel established
my port = 9201
other port = 8205
Failed to connect. sleeping for 500 milliseconds, connect: Connection refused
accepting...
channel established
my port = 9202
other port = 8405
Failed to connect. sleeping for 500 milliseconds, connect: Connection refused
accepting...
channel established
my port = 9203
other port = 8605
Failed to connect. sleeping for 500 milliseconds, connect: Connection refused
accepting...
channel established
my port = 9204
other port = 8805
Failed to connect. sleeping for 500 milliseconds, connect: Connection refused
accepting...
channel established
my port = 9205
other port = 9005
accepting...
channel established
my port = 9206
other port = 9406
Failed to connect. sleeping for 500 milliseconds, connect: Connection refused
accepting...
channel established
my port = 9207
other port = 9606
accepting...
channel established
my port = 9208
other port = 9806
accepting...
channel established
my port = 9209
other port = 10006
accepting...
channel established
my port = 9210
other port = 10206
accepting...
channel established
my port = 9211
other port = 10406
accepting...
channel established
my port = 9212
other port = 10606
accepting...
channel established
my port = 9213
other port = 10806
accepting...
channel established
time in milliseconds initializationPhase: 0
max_observed_bin_size: 955
SH Time measured: 0.716 seconds.
S0 Time measured: 1.553 seconds. For OPRF and then OPPRF start
-----------------Internal time---------------------
S1 Time measured: 0.000 seconds. OPPRF start
S2 Time measured: 1.709 seconds. for cuckoo hash
S3 Time measured: 2.722 seconds. for intert table(hints) RB-OPPRF
S4 Time measured: 2.727 seconds. send hints 
S5 Time measured: 3.075 seconds. receive table
S6 Time measured: 3.076 seconds. OPPRF end
-----------------Internal time---------------------
S8 Time measured: 5.301 seconds. End For OPPRF 
S9 Time measured: 5.860 seconds. After EQ+B2A
EQ + B2A cost 1749532Bytes
6: Circuit evaluated in 61 milliseconds.
6: Printing timings...
6: Time for hashing 535.671 ms
6: Time for OPRF 5.88552 ms
6: Time for polynomials 6.92229e-310 ms
6: Time for transmission of the polynomials 4.94066e-324 ms
6: Time for OPPRF 5860.91 ms
6: Time for circuit 103.659 ms
6: Total runtime: 5964.59ms

6: Communication Statistics: 
6: Sent Data OPRF (MB): 0.137856
6: Received Data OPRF (MB): 0.137856
6: Sent Data Hint (MB): 14.9918
6: Received Data Hint (MB): 0.0790558
6: Sent Data Circuit (MB): 0.370204
6: Received Data Circuit (MB): 0.330676
6: Sent Data CryptFlow2 (MB): 1.66848
6: Received Data CryptFlow2 (MB): 1.66848
6: Total Sent Data (MB): 17.1683
6: Total Received Data (MB): 2.21607
6: Total Communication (MB): 19.3844
