key = partyID value = 7
key = partiesNumber value = 15
key = numBins value = 1727
key = inputsFile value = ../in_party_7.txt
key = outputsFile value = output.txt
key = circuitFile value = ic.txt
key = fieldType value = ZpMersenneByte
key = genRandomSharesType value = HIM
key = multType value = DN
key = verifyType value = Single
key = partiesFile value = Parties.txt
key = internalIterationsNumber value = 1
key = threshold value = 7
key = primemod value = 31
connected
connected
key = partyID value = 7
key = partiesNumber value = 15
key = numBins value = 1727
key = inputsFile value = ../in_party_7.txt
key = outputsFile value = output.txt
key = circuitFile value = ic.txt
key = fieldType value = ZpMersenneByte
key = genRandomSharesType value = HIM
key = multType value = DN
key = verifyType value = Single
key = partiesFile value = Parties.txt
key = internalIterationsNumber value = 1
key = threshold value = 7
key = primemod value = 31
number of parties = 15
ID = 7
partiesFile = Parties.txt
in communication
num parties = 15
my id = 7
my port = 9400
other port = 8006
Failed to connect. sleeping for 500 milliseconds, connect: Connection refused
accepting...
channel established
my port = 9401
other port = 8206
Failed to connect. sleeping for 500 milliseconds, connect: Connection refused
accepting...
channel established
my port = 9402
other port = 8406
Failed to connect. sleeping for 500 milliseconds, connect: Connection refused
accepting...
channel established
my port = 9403
other port = 8606
Failed to connect. sleeping for 500 milliseconds, connect: Connection refused
accepting...
channel established
my port = 9404
other port = 8806
Failed to connect. sleeping for 500 milliseconds, connect: Connection refused
accepting...
channel established
my port = 9405
other port = 9006
Failed to connect. sleeping for 500 milliseconds, connect: Connection refused
accepting...
channel established
my port = 9406
other port = 9206
accepting...
channel established
my port = 9407
other port = 9607
Failed to connect. sleeping for 500 milliseconds, connect: Connection refused
accepting...
channel established
my port = 9408
other port = 9807
accepting...
channel established
my port = 9409
other port = 10007
accepting...
channel established
my port = 9410
other port = 10207
accepting...
channel established
my port = 9411
other port = 10407
accepting...
channel established
my port = 9412
other port = 10607
accepting...
channel established
my port = 9413
other port = 10807
accepting...
channel established
time in milliseconds initializationPhase: 0
max_observed_bin_size: 955
SH Time measured: 0.750 seconds.
S0 Time measured: 1.588 seconds. For OPRF and then OPPRF start
-----------------Internal time---------------------
S1 Time measured: 0.000 seconds. OPPRF start
S2 Time measured: 1.721 seconds. for cuckoo hash
S3 Time measured: 2.725 seconds. for intert table(hints) RB-OPPRF
S4 Time measured: 2.730 seconds. send hints 
S5 Time measured: 3.199 seconds. receive table
S6 Time measured: 3.199 seconds. OPPRF end
-----------------Internal time---------------------
S8 Time measured: 5.540 seconds. End For OPPRF 
S9 Time measured: 5.862 seconds. After EQ+B2A
EQ + B2A cost 1749532Bytes
7: Circuit evaluated in 56 milliseconds.
7: Printing timings...
7: Time for hashing 537.822 ms
7: Time for OPRF 26.9325 ms
7: Time for polynomials 6.90382e-310 ms
7: Time for transmission of the polynomials 4.94066e-324 ms
7: Time for OPPRF 5862.3 ms
7: Time for circuit 102.154 ms
7: Total runtime: 5964.48ms

7: Communication Statistics: 
7: Sent Data OPRF (MB): 0.137856
7: Received Data OPRF (MB): 0.137856
7: Sent Data Hint (MB): 14.9918
7: Received Data Hint (MB): 0.0790558
7: Sent Data Circuit (MB): 0.370204
7: Received Data Circuit (MB): 0.330676
7: Sent Data CryptFlow2 (MB): 1.66848
7: Received Data CryptFlow2 (MB): 1.66848
7: Total Sent Data (MB): 17.1683
7: Total Received Data (MB): 2.21607
7: Total Communication (MB): 19.3844
