key = partyID value = 8
key = partiesNumber value = 15
key = numBins value = 7084
key = inputsFile value = ../in_party_8.txt
key = outputsFile value = output.txt
key = circuitFile value = ic.txt
key = fieldType value = ZpMersenneByte
key = genRandomSharesType value = HIM
key = multType value = DN
key = verifyType value = Single
key = partiesFile value = Parties.txt
key = internalIterationsNumber value = 1
key = threshold value = 7
key = primemod value = 31
connected
connected
key = partyID value = 8
key = partiesNumber value = 15
key = numBins value = 7084
key = inputsFile value = ../in_party_8.txt
key = outputsFile value = output.txt
key = circuitFile value = ic.txt
key = fieldType value = ZpMersenneByte
key = genRandomSharesType value = HIM
key = multType value = DN
key = verifyType value = Single
key = partiesFile value = Parties.txt
key = internalIterationsNumber value = 1
key = threshold value = 7
key = primemod value = 31
number of parties = 15
ID = 8
partiesFile = Parties.txt
in communication
num parties = 15
my id = 8
my port = 9600
other port = 8007
Failed to connect. sleeping for 500 milliseconds, connect: Connection refused
accepting...
channel established
my port = 9601
other port = 8207
Failed to connect. sleeping for 500 milliseconds, connect: Connection refused
accepting...
channel established
my port = 9602
other port = 8407
Failed to connect. sleeping for 500 milliseconds, connect: Connection refused
accepting...
channel established
my port = 9603
other port = 8607
Failed to connect. sleeping for 500 milliseconds, connect: Connection refused
accepting...
channel established
my port = 9604
other port = 8807
Failed to connect. sleeping for 500 milliseconds, connect: Connection refused
accepting...
channel established
my port = 9605
other port = 9007
Failed to connect. sleeping for 500 milliseconds, connect: Connection refused
accepting...
channel established
my port = 9606
other port = 9207
Failed to connect. sleeping for 500 milliseconds, connect: Connection refused
accepting...
channel established
my port = 9607
other port = 9407
accepting...
channel established
my port = 9608
other port = 9808
Failed to connect. sleeping for 500 milliseconds, connect: Connection refused
accepting...
channel established
my port = 9609
other port = 10008
accepting...
channel established
my port = 9610
other port = 10208
accepting...
channel established
my port = 9611
other port = 10408
accepting...
channel established
my port = 9612
other port = 10608
accepting...
channel established
my port = 9613
other port = 10808
accepting...
channel established
time in milliseconds initializationPhase: 0
max_observed_bin_size: 2025
SH Time measured: 8.080 seconds.
S0 Time measured: 11.770 seconds. For OPRF and then OPPRF start
-----------------Internal time---------------------
S1 Time measured: 0.000 seconds. OPPRF start
S2 Time measured: 16.936 seconds. for cuckoo hash
S3 Time measured: 26.324 seconds. for intert table(hints) RB-OPPRF
S4 Time measured: 26.409 seconds. send hints 
S5 Time measured: 26.801 seconds. receive table
S6 Time measured: 26.802 seconds. OPPRF end
-----------------Internal time---------------------
S8 Time measured: 45.225 seconds. End For OPPRF 
S9 Time measured: 46.488 seconds. After EQ+B2A
EQ + B2A cost 4030934Bytes
8: Circuit evaluated in 105 milliseconds.
8: Printing timings...
8: Time for hashing 5771.54 ms
8: Time for OPRF 57.2209 ms
8: Time for polynomials 6.95278e-310 ms
8: Time for transmission of the polynomials 6.91486e-310 ms
8: Time for OPPRF 46489.6 ms
8: Time for circuit 311.61 ms
8: Total runtime: 46801.3ms

8: Communication Statistics: 
8: Sent Data OPRF (MB): 0.464822
8: Received Data OPRF (MB): 0.464822
8: Sent Data Hint (MB): 125.76
8: Received Data Hint (MB): 0.32428
8: Sent Data Circuit (MB): 1.61638
8: Received Data Circuit (MB): 1.44073
8: Sent Data CryptFlow2 (MB): 3.8442
8: Received Data CryptFlow2 (MB): 3.8442
8: Total Sent Data (MB): 131.685
8: Total Received Data (MB): 6.07403
8: Total Communication (MB): 137.759
