key = partyID value = 9
key = partiesNumber value = 15
key = numBins value = 1727
key = inputsFile value = ../in_party_9.txt
key = outputsFile value = output.txt
key = circuitFile value = ic.txt
key = fieldType value = ZpMersenneByte
key = genRandomSharesType value = HIM
key = multType value = DN
key = verifyType value = Single
key = partiesFile value = Parties.txt
key = internalIterationsNumber value = 1
key = threshold value = 7
key = primemod value = 31
connected
connected
key = partyID value = 9
key = partiesNumber value = 15
key = numBins value = 1727
key = inputsFile value = ../in_party_9.txt
key = outputsFile value = output.txt
key = circuitFile value = ic.txt
key = fieldType value = ZpMersenneByte
key = genRandomSharesType value = HIM
key = multType value = DN
key = verifyType value = Single
key = partiesFile value = Parties.txt
key = internalIterationsNumber value = 1
key = threshold value = 7
key = primemod value = 31
number of parties = 15
ID = 9
partiesFile = Parties.txt
in communication
num parties = 15
my id = 9
my port = 9800
other port = 8008
Failed to connect. sleeping for 500 milliseconds, connect: Connection refused
accepting...
channel established
my port = 9801
other port = 8208
Failed to connect. sleeping for 500 milliseconds, connect: Connection refused
accepting...
channel established
my port = 9802
other port = 8408
Failed to connect. sleeping for 500 milliseconds, connect: Connection refused
accepting...
channel established
my port = 9803
other port = 8608
Failed to connect. sleeping for 500 milliseconds, connect: Connection refused
accepting...
channel established
my port = 9804
other port = 8808
Failed to connect. sleeping for 500 milliseconds, connect: Connection refused
accepting...
channel established
my port = 9805
other port = 9008
Failed to connect. sleeping for 500 milliseconds, connect: Connection refused
accepting...
channel established
my port = 9806
other port = 9208
Failed to connect. sleeping for 500 milliseconds, connect: Connection refused
accepting...
channel established
my port = 9807
other port = 9408
Failed to connect. sleeping for 500 milliseconds, connect: Connection refused
accepting...
channel established
my port = 9808
other port = 9608
accepting...
channel established
my port = 9809
other port = 10009
Failed to connect. sleeping for 500 milliseconds, connect: Connection refused
accepting...
channel established
my port = 9810
other port = 10209
accepting...
channel established
my port = 9811
other port = 10409
accepting...
channel established
my port = 9812
other port = 10609
accepting...
channel established
my port = 9813
other port = 10809
accepting...
channel established
time in milliseconds initializationPhase: 0
max_observed_bin_size: 955
SH Time measured: 0.747 seconds.
S0 Time measured: 1.596 seconds. For OPRF and then OPPRF start
-----------------Internal time---------------------
S1 Time measured: 0.000 seconds. OPPRF start
S2 Time measured: 1.760 seconds. for cuckoo hash
S3 Time measured: 2.777 seconds. for intert table(hints) RB-OPPRF
S4 Time measured: 2.784 seconds. send hints 
S5 Time measured: 3.254 seconds. receive table
S6 Time measured: 3.254 seconds. OPPRF end
-----------------Internal time---------------------
S8 Time measured: 5.535 seconds. End For OPPRF 
S9 Time measured: 5.852 seconds. After EQ+B2A
EQ + B2A cost 1749532Bytes
9: Circuit evaluated in 57 milliseconds.
9: Printing timings...
9: Time for hashing 556.929 ms
9: Time for OPRF 26.0263 ms
9: Time for polynomials 6.94663e-310 ms
9: Time for transmission of the polynomials 4.94066e-324 ms
9: Time for OPPRF 5852.39 ms
9: Time for circuit 111.972 ms
9: Total runtime: 5964.38ms

9: Communication Statistics: 
9: Sent Data OPRF (MB): 0.137856
9: Received Data OPRF (MB): 0.137856
9: Sent Data Hint (MB): 14.9918
9: Received Data Hint (MB): 0.0790558
9: Sent Data Circuit (MB): 0.370204
9: Received Data Circuit (MB): 0.330676
9: Sent Data CryptFlow2 (MB): 1.66848
9: Received Data CryptFlow2 (MB): 1.66848
9: Total Sent Data (MB): 17.1683
9: Total Received Data (MB): 2.21607
9: Total Communication (MB): 19.3844
