key = partyID value = 1
key = partiesNumber value = 16
key = numBins value = 14132
key = inputsFile value = ../in_party_1.txt
key = outputsFile value = output.txt
key = circuitFile value = ic.txt
key = fieldType value = ZpMersenneByte
key = genRandomSharesType value = HIM
key = multType value = DN
key = verifyType value = Single
key = partiesFile value = Parties.txt
key = internalIterationsNumber value = 1
key = threshold value = 8
key = primemod value = 31
connected
connected
key = partyID value = 1
key = partiesNumber value = 16
key = numBins value = 14132
key = inputsFile value = ../in_party_1.txt
key = outputsFile value = output.txt
key = circuitFile value = ic.txt
key = fieldType value = ZpMersenneByte
key = genRandomSharesType value = HIM
key = multType value = DN
key = verifyType value = Single
key = partiesFile value = Parties.txt
key = internalIterationsNumber value = 1
key = threshold value = 8
key = primemod value = 31
number of parties = 16
ID = 1
partiesFile = Parties.txt
in communication
num parties = 16
my id = 1
my port = 8200
other port = 8000
Failed to connect. sleeping for 500 milliseconds, connect: Connection refused
accepting...
channel established
my port = 8201
other port = 8401
Failed to connect. sleeping for 500 milliseconds, connect: Connection refused
accepting...
channel established
my port = 8202
other port = 8601
accepting...
channel established
my port = 8203
other port = 8801
accepting...
channel established
my port = 8204
other port = 9001
accepting...
channel established
my port = 8205
other port = 9201
accepting...
channel established
my port = 8206
other port = 9401
accepting...
channel established
my port = 8207
other port = 9601
accepting...
channel established
my port = 8208
other port = 9801
accepting...
channel established
my port = 8209
other port = 10001
accepting...
channel established
my port = 8210
other port = 10201
accepting...
channel established
my port = 8211
other port = 10401
accepting...
channel established
my port = 8212
other port = 10601
accepting...
channel established
my port = 8213
other port = 10801
accepting...
channel established
my port = 8214
other port = 11001
accepting...
channel established
time in milliseconds initializationPhase: 0
max_observed_bin_size: 288
SH Time measured: 2.403 seconds.
S0 Time measured: 3.686 seconds. For OPRF and then OPPRF start
-----------------Internal time---------------------
S1 Time measured: 3.686 seconds. OPPRF start
S2 Time measured: 8.066 seconds. for cuckoo hash
S3 Time measured: 10.064 seconds. for intert table(hints) RB-OPPRF
S4 Time measured: 10.079 seconds. send hints 
S5 Time measured: 10.507 seconds. receive table
S6 Time measured: 10.509 seconds. OPPRF end
-----------------Internal time---------------------
S8 Time measured: 12.430 seconds. End For OPPRF 
S9 Time measured: 13.162 seconds. After EQ+B2A
EQ + B2A cost 6894404Bytes
1: Circuit evaluated in 229 milliseconds.
1: Printing timings...
1: Time for hashing 1811.46 ms
1: Time for OPRF 20.6388 ms
1: Time for polynomials 0 ms
1: Time for transmission of the polynomials 0 ms
1: Time for OPPRF 13165.3 ms
1: Time for circuit 620.052 ms
1: Total runtime: 13785.4ms

1: Communication Statistics: 
1: Sent Data OPRF (MB): 0.894998
1: Received Data OPRF (MB): 0.894998
1: Sent Data Hint (MB): 31.44
1: Received Data Hint (MB): 0.646912
1: Sent Data Circuit (MB): 3.13127
1: Received Data Circuit (MB): 2.78086
1: Sent Data CryptFlow2 (MB): 6.57502
1: Received Data CryptFlow2 (MB): 6.57502
1: Total Sent Data (MB): 42.0413
1: Total Received Data (MB): 10.8978
1: Total Communication (MB): 52.9391
1: Total Sent Communication except for circuits (MB): 38.91
1: Total Communication of client (MB): 664.815
1: Total Communication of client (MB): 728.682
