key = partyID value = 11
key = partiesNumber value = 16
key = numBins value = 14132
key = inputsFile value = ../in_party_11.txt
key = outputsFile value = output.txt
key = circuitFile value = ic.txt
key = fieldType value = ZpMersenneByte
key = genRandomSharesType value = HIM
key = multType value = DN
key = verifyType value = Single
key = partiesFile value = Parties.txt
key = internalIterationsNumber value = 1
key = threshold value = 8
key = primemod value = 31
connected
connected
key = partyID value = 11
key = partiesNumber value = 16
key = numBins value = 14132
key = inputsFile value = ../in_party_11.txt
key = outputsFile value = output.txt
key = circuitFile value = ic.txt
key = fieldType value = ZpMersenneByte
key = genRandomSharesType value = HIM
key = multType value = DN
key = verifyType value = Single
key = partiesFile value = Parties.txt
key = internalIterationsNumber value = 1
key = threshold value = 8
key = primemod value = 31
number of parties = 16
ID = 11
partiesFile = Parties.txt
in communication
num parties = 16
my id = 11
my port = 10200
other port = 8010
Failed to connect. sleeping for 500 milliseconds, connect: Connection refused
accepting...
channel established
my port = 10201
other port = 8210
Failed to connect. sleeping for 500 milliseconds, connect: Connection refused
accepting...
channel established
my port = 10202
other port = 8410
Failed to connect. sleeping for 500 milliseconds, connect: Connection refused
accepting...
channel established
my port = 10203
other port = 8610
Failed to connect. sleeping for 500 milliseconds, connect: Connection refused
accepting...
channel established
my port = 10204
other port = 8810
Failed to connect. sleeping for 500 milliseconds, connect: Connection refused
accepting...
channel established
my port = 10205
other port = 9010
Failed to connect. sleeping for 500 milliseconds, connect: Connection refused
accepting...
channel established
my port = 10206
other port = 9210
Failed to connect. sleeping for 500 milliseconds, connect: Connection refused
accepting...
channel established
my port = 10207
other port = 9410
Failed to connect. sleeping for 500 milliseconds, connect: Connection refused
accepting...
channel established
my port = 10208
other port = 9610
Failed to connect. sleeping for 500 milliseconds, connect: Connection refused
accepting...
channel established
my port = 10209
other port = 9810
Failed to connect. sleeping for 500 milliseconds, connect: Connection refused
accepting...
channel established
my port = 10210
other port = 10010
accepting...
channel established
my port = 10211
other port = 10411
Failed to connect. sleeping for 500 milliseconds, connect: Connection refused
accepting...
channel established
my port = 10212
other port = 10611
accepting...
channel established
my port = 10213
other port = 10811
accepting...
channel established
my port = 10214
other port = 11011
accepting...
channel established
time in milliseconds initializationPhase: 0
max_observed_bin_size: 288
SH Time measured: 2.431 seconds.
S0 Time measured: 3.773 seconds. For OPRF and then OPPRF start
-----------------Internal time---------------------
S1 Time measured: 3.773 seconds. OPPRF start
S2 Time measured: 8.103 seconds. for cuckoo hash
S3 Time measured: 10.096 seconds. for intert table(hints) RB-OPPRF
S4 Time measured: 10.112 seconds. send hints 
S5 Time measured: 10.546 seconds. receive table
S6 Time measured: 10.548 seconds. OPPRF end
-----------------Internal time---------------------
S8 Time measured: 12.451 seconds. End For OPPRF 
S9 Time measured: 13.222 seconds. After EQ+B2A
EQ + B2A cost 6894404Bytes
11: Circuit evaluated in 232 milliseconds.
11: Printing timings...
11: Time for hashing 1824.17 ms
11: Time for OPRF 25.4096 ms
11: Time for polynomials 0 ms
11: Time for transmission of the polynomials 0 ms
11: Time for OPPRF 13225.4 ms
11: Time for circuit 560.442 ms
11: Total runtime: 13785.9ms

11: Communication Statistics: 
11: Sent Data OPRF (MB): 0.894998
11: Received Data OPRF (MB): 0.894998
11: Sent Data Hint (MB): 31.44
11: Received Data Hint (MB): 0.646912
11: Sent Data Circuit (MB): 3.13127
11: Received Data Circuit (MB): 2.78086
11: Sent Data CryptFlow2 (MB): 6.57502
11: Received Data CryptFlow2 (MB): 6.57502
11: Total Sent Data (MB): 42.0413
11: Total Received Data (MB): 10.8978
11: Total Communication (MB): 52.9391
11: Total Sent Communication except for circuits (MB): 38.91
11: Total Communication of client (MB): 664.815
11: Total Communication of client (MB): 728.682
