key = partyID value = 8
key = partiesNumber value = 16
key = numBins value = 14132
key = inputsFile value = ../in_party_8.txt
key = outputsFile value = output.txt
key = circuitFile value = ic.txt
key = fieldType value = ZpMersenneByte
key = genRandomSharesType value = HIM
key = multType value = DN
key = verifyType value = Single
key = partiesFile value = Parties.txt
key = internalIterationsNumber value = 1
key = threshold value = 8
key = primemod value = 31
connected
connected
key = partyID value = 8
key = partiesNumber value = 16
key = numBins value = 14132
key = inputsFile value = ../in_party_8.txt
key = outputsFile value = output.txt
key = circuitFile value = ic.txt
key = fieldType value = ZpMersenneByte
key = genRandomSharesType value = HIM
key = multType value = DN
key = verifyType value = Single
key = partiesFile value = Parties.txt
key = internalIterationsNumber value = 1
key = threshold value = 8
key = primemod value = 31
number of parties = 16
ID = 8
partiesFile = Parties.txt
in communication
num parties = 16
my id = 8
my port = 9600
other port = 8007
Failed to connect. sleeping for 500 milliseconds, connect: Connection refused
accepting...
channel established
my port = 9601
other port = 8207
Failed to connect. sleeping for 500 milliseconds, connect: Connection refused
accepting...
channel established
my port = 9602
other port = 8407
Failed to connect. sleeping for 500 milliseconds, connect: Connection refused
accepting...
channel established
my port = 9603
other port = 8607
Failed to connect. sleeping for 500 milliseconds, connect: Connection refused
accepting...
channel established
my port = 9604
other port = 8807
Failed to connect. sleeping for 500 milliseconds, connect: Connection refused
accepting...
channel established
my port = 9605
other port = 9007
Failed to connect. sleeping for 500 milliseconds, connect: Connection refused
accepting...
channel established
my port = 9606
other port = 9207
Failed to connect. sleeping for 500 milliseconds, connect: Connection refused
accepting...
channel established
my port = 9607
other port = 9407
accepting...
channel established
my port = 9608
other port = 9808
Failed to connect. sleeping for 500 milliseconds, connect: Connection refused
accepting...
channel established
my port = 9609
other port = 10008
accepting...
channel established
my port = 9610
other port = 10208
accepting...
channel established
my port = 9611
other port = 10408
accepting...
channel established
my port = 9612
other port = 10608
accepting...
channel established
my port = 9613
other port = 10808
accepting...
channel established
my port = 9614
other port = 11008
accepting...
channel established
time in milliseconds initializationPhase: 0
max_observed_bin_size: 288
SH Time measured: 2.424 seconds.
S0 Time measured: 3.705 seconds. For OPRF and then OPPRF start
-----------------Internal time---------------------
S1 Time measured: 3.706 seconds. OPPRF start
S2 Time measured: 8.083 seconds. for cuckoo hash
S3 Time measured: 10.104 seconds. for intert table(hints) RB-OPPRF
S4 Time measured: 10.122 seconds. send hints 
S5 Time measured: 10.681 seconds. receive table
S6 Time measured: 10.683 seconds. OPPRF end
-----------------Internal time---------------------
S8 Time measured: 12.622 seconds. End For OPPRF 
S9 Time measured: 13.223 seconds. After EQ+B2A
EQ + B2A cost 6894404Bytes
8: Circuit evaluated in 231 milliseconds.
8: Printing timings...
8: Time for hashing 1829.05 ms
8: Time for OPRF 97.4383 ms
8: Time for polynomials 0 ms
8: Time for transmission of the polynomials 0 ms
8: Time for OPPRF 13226.2 ms
8: Time for circuit 559.295 ms
8: Total runtime: 13785.6ms

8: Communication Statistics: 
8: Sent Data OPRF (MB): 0.894998
8: Received Data OPRF (MB): 0.894998
8: Sent Data Hint (MB): 31.44
8: Received Data Hint (MB): 0.646912
8: Sent Data Circuit (MB): 3.13127
8: Received Data Circuit (MB): 2.78086
8: Sent Data CryptFlow2 (MB): 6.57502
8: Received Data CryptFlow2 (MB): 6.57502
8: Total Sent Data (MB): 42.0413
8: Total Received Data (MB): 10.8978
8: Total Communication (MB): 52.9391
8: Total Sent Communication except for circuits (MB): 38.91
8: Total Communication of client (MB): 664.815
8: Total Communication of client (MB): 728.682
