key = partyID value = 5
key = partiesNumber value = 16
key = numBins value = 7084
key = inputsFile value = ../in_party_5.txt
key = outputsFile value = output.txt
key = circuitFile value = ic.txt
key = fieldType value = ZpMersenneByte
key = genRandomSharesType value = HIM
key = multType value = DN
key = verifyType value = Single
key = partiesFile value = Parties.txt
key = internalIterationsNumber value = 1
key = threshold value = 8
key = primemod value = 31
connected
connected
key = partyID value = 5
key = partiesNumber value = 16
key = numBins value = 7084
key = inputsFile value = ../in_party_5.txt
key = outputsFile value = output.txt
key = circuitFile value = ic.txt
key = fieldType value = ZpMersenneByte
key = genRandomSharesType value = HIM
key = multType value = DN
key = verifyType value = Single
key = partiesFile value = Parties.txt
key = internalIterationsNumber value = 1
key = threshold value = 8
key = primemod value = 31
number of parties = 16
ID = 5
partiesFile = Parties.txt
in communication
num parties = 16
my id = 5
my port = 9000
other port = 8004
Failed to connect. sleeping for 500 milliseconds, connect: Connection refused
accepting...
channel established
my port = 9001
other port = 8204
Failed to connect. sleeping for 500 milliseconds, connect: Connection refused
accepting...
channel established
my port = 9002
other port = 8404
Failed to connect. sleeping for 500 milliseconds, connect: Connection refused
accepting...
channel established
my port = 9003
other port = 8604
Failed to connect. sleeping for 500 milliseconds, connect: Connection refused
accepting...
channel established
my port = 9004
other port = 8804
accepting...
channel established
my port = 9005
other port = 9205
Failed to connect. sleeping for 500 milliseconds, connect: Connection refused
accepting...
channel established
my port = 9006
other port = 9405
accepting...
channel established
my port = 9007
other port = 9605
accepting...
channel established
my port = 9008
other port = 9805
accepting...
channel established
my port = 9009
other port = 10005
accepting...
channel established
my port = 9010
other port = 10205
accepting...
channel established
my port = 9011
other port = 10405
accepting...
channel established
my port = 9012
other port = 10605
accepting...
channel established
my port = 9013
other port = 10805
accepting...
channel established
my port = 9014
other port = 11005
accepting...
channel established
time in milliseconds initializationPhase: 0
max_observed_bin_size: 52
SH Time measured: 0.125 seconds.
S0 Time measured: 0.561 seconds. For OPRF and then OPPRF start
-----------------Internal time---------------------
S1 Time measured: 0.562 seconds. OPPRF start
S2 Time measured: 0.745 seconds. for cuckoo hash
S3 Time measured: 0.850 seconds. for intert table(hints) RB-OPPRF
S4 Time measured: 0.851 seconds. send hints 
S5 Time measured: 1.529 seconds. receive table
S6 Time measured: 1.531 seconds. OPPRF end
-----------------Internal time---------------------
S8 Time measured: 1.589 seconds. End For OPPRF 
S9 Time measured: 2.187 seconds. After EQ+B2A
EQ + B2A cost 4030934Bytes
5: Circuit evaluated in 166 milliseconds.
5: Printing timings...
5: Time for hashing 101.491 ms
5: Time for OPRF 17.3225 ms
5: Time for polynomials 0 ms
5: Time for transmission of the polynomials 0 ms
5: Time for OPPRF 2188.04 ms
5: Time for circuit 331.09 ms
5: Total runtime: 2519.22ms

5: Communication Statistics: 
5: Sent Data OPRF (MB): 0.464822
5: Received Data OPRF (MB): 0.464822
5: Sent Data Hint (MB): 1.965
5: Received Data Hint (MB): 0.32428
5: Sent Data Circuit (MB): 1.56964
5: Received Data Circuit (MB): 1.39399
5: Sent Data CryptFlow2 (MB): 3.8442
5: Received Data CryptFlow2 (MB): 3.8442
5: Total Sent Data (MB): 7.84366
5: Total Received Data (MB): 6.02729
5: Total Communication (MB): 13.8709
