key = partyID value = 15
key = partiesNumber value = 16
key = numBins value = 7084
key = inputsFile value = ../in_party_15.txt
key = outputsFile value = output.txt
key = circuitFile value = ic.txt
key = fieldType value = ZpMersenneByte
key = genRandomSharesType value = HIM
key = multType value = DN
key = verifyType value = Single
key = partiesFile value = Parties.txt
key = internalIterationsNumber value = 1
key = threshold value = 8
key = primemod value = 31
connected
connected
key = partyID value = 15
key = partiesNumber value = 16
key = numBins value = 7084
key = inputsFile value = ../in_party_15.txt
key = outputsFile value = output.txt
key = circuitFile value = ic.txt
key = fieldType value = ZpMersenneByte
key = genRandomSharesType value = HIM
key = multType value = DN
key = verifyType value = Single
key = partiesFile value = Parties.txt
key = internalIterationsNumber value = 1
key = threshold value = 8
key = primemod value = 31
number of parties = 16
ID = 15
partiesFile = Parties.txt
in communication
num parties = 16
my id = 15
my port = 11000
other port = 8014
Failed to connect. sleeping for 500 milliseconds, connect: Connection refused
accepting...
channel established
my port = 11001
other port = 8214
Failed to connect. sleeping for 500 milliseconds, connect: Connection refused
accepting...
channel established
my port = 11002
other port = 8414
Failed to connect. sleeping for 500 milliseconds, connect: Connection refused
accepting...
channel established
my port = 11003
other port = 8614
Failed to connect. sleeping for 500 milliseconds, connect: Connection refused
accepting...
channel established
my port = 11004
other port = 8814
Failed to connect. sleeping for 500 milliseconds, connect: Connection refused
accepting...
channel established
my port = 11005
other port = 9014
Failed to connect. sleeping for 500 milliseconds, connect: Connection refused
accepting...
channel established
my port = 11006
other port = 9214
Failed to connect. sleeping for 500 milliseconds, connect: Connection refused
accepting...
channel established
my port = 11007
other port = 9414
Failed to connect. sleeping for 500 milliseconds, connect: Connection refused
accepting...
channel established
my port = 11008
other port = 9614
Failed to connect. sleeping for 500 milliseconds, connect: Connection refused
accepting...
channel established
my port = 11009
other port = 9814
Failed to connect. sleeping for 500 milliseconds, connect: Connection refused
accepting...
channel established
my port = 11010
other port = 10014
Failed to connect. sleeping for 500 milliseconds, connect: Connection refused
accepting...
channel established
my port = 11011
other port = 10214
Failed to connect. sleeping for 500 milliseconds, connect: Connection refused
accepting...
channel established
my port = 11012
other port = 10414
Failed to connect. sleeping for 500 milliseconds, connect: Connection refused
accepting...
channel established
my port = 11013
other port = 10614
Failed to connect. sleeping for 500 milliseconds, connect: Connection refused
accepting...
channel established
my port = 11014
other port = 10814
accepting...
channel established
time in milliseconds initializationPhase: 0
max_observed_bin_size: 8
terminate called after throwing an instance of 'std::length_error'
  what():  vector::_M_default_append
