key = partyID value = 8
key = partiesNumber value = 16
key = numBins value = 7084
key = inputsFile value = ../in_party_8.txt
key = outputsFile value = output.txt
key = circuitFile value = ic.txt
key = fieldType value = ZpMersenneByte
key = genRandomSharesType value = HIM
key = multType value = DN
key = verifyType value = Single
key = partiesFile value = Parties.txt
key = internalIterationsNumber value = 1
key = threshold value = 8
key = primemod value = 31
connected
connected
key = partyID value = 8
key = partiesNumber value = 16
key = numBins value = 7084
key = inputsFile value = ../in_party_8.txt
key = outputsFile value = output.txt
key = circuitFile value = ic.txt
key = fieldType value = ZpMersenneByte
key = genRandomSharesType value = HIM
key = multType value = DN
key = verifyType value = Single
key = partiesFile value = Parties.txt
key = internalIterationsNumber value = 1
key = threshold value = 8
key = primemod value = 31
number of parties = 16
ID = 8
partiesFile = Parties.txt
in communication
num parties = 16
my id = 8
my port = 9600
other port = 8007
Failed to connect. sleeping for 500 milliseconds, connect: Connection refused
accepting...
channel established
my port = 9601
other port = 8207
Failed to connect. sleeping for 500 milliseconds, connect: Connection refused
accepting...
channel established
my port = 9602
other port = 8407
Failed to connect. sleeping for 500 milliseconds, connect: Connection refused
accepting...
channel established
my port = 9603
other port = 8607
Failed to connect. sleeping for 500 milliseconds, connect: Connection refused
accepting...
channel established
my port = 9604
other port = 8807
Failed to connect. sleeping for 500 milliseconds, connect: Connection refused
accepting...
channel established
my port = 9605
other port = 9007
Failed to connect. sleeping for 500 milliseconds, connect: Connection refused
accepting...
channel established
my port = 9606
other port = 9207
Failed to connect. sleeping for 500 milliseconds, connect: Connection refused
accepting...
channel established
my port = 9607
other port = 9407
accepting...
channel established
my port = 9608
other port = 9808
Failed to connect. sleeping for 500 milliseconds, connect: Connection refused
accepting...
channel established
my port = 9609
other port = 10008
accepting...
channel established
my port = 9610
other port = 10208
accepting...
channel established
my port = 9611
other port = 10408
accepting...
channel established
my port = 9612
other port = 10608
accepting...
channel established
my port = 9613
other port = 10808
accepting...
channel established
my port = 9614
other port = 11008
accepting...
channel established
time in milliseconds initializationPhase: 0
max_observed_bin_size: 8
terminate called after throwing an instance of 'std::length_error'
  what():  vector::_M_default_append
