key = partyID value = 0
key = partiesNumber value = 2
key = numBins value = 14132
key = inputsFile value = ../in_party_0.txt
key = outputsFile value = output.txt
key = circuitFile value = ic.txt
key = fieldType value = ZpMersenneByte
key = genRandomSharesType value = HIM
key = multType value = DN
key = verifyType value = Single
key = partiesFile value = Parties.txt
key = internalIterationsNumber value = 1
key = threshold value = 1
key = primemod value = 31
connected
connected
key = partyID value = 0
key = partiesNumber value = 2
key = numBins value = 14132
key = inputsFile value = ../in_party_0.txt
key = outputsFile value = output.txt
key = circuitFile value = ic.txt
key = fieldType value = ZpMersenneByte
key = genRandomSharesType value = HIM
key = multType value = DN
key = verifyType value = Single
key = partiesFile value = Parties.txt
key = internalIterationsNumber value = 1
key = threshold value = 1
key = primemod value = 31
number of parties = 2
ID = 0
partiesFile = Parties.txt
in communication
num parties = 2
my id = 0
my port = 8000
other port = 8200
accepting...
channel established
time in milliseconds initializationPhase: 0
0: Circuit evaluated in 52 milliseconds.
0: 0 found at 5535 positions. 
0: Printing timings...
0: Time for hashing 3.00784 ms
0: Time for OPRF 18.4204 ms
0: Time for polynomials 877529 ms
0: Time for transmission of the polynomials 0 ms
0: Time for OPPRF 1.13212e+06 ms
0: Time for circuit 98.6508 ms
0: Total runtime: 1.13222e+06ms

0: Communication Statistics: 
0: Sent Data OPRF (MB): 0.894998
0: Received Data OPRF (MB): 0.894998
0: Sent Data Hint (MB): 0.646912
0: Received Data Hint (MB): 2012.16
0: Sent Data Circuit (MB): 0.909724
0: Received Data Circuit (MB): 1.26013
0: Sent Data CryptFlow2 (MB): 6.57548
0: Received Data CryptFlow2 (MB): 6.57548
0: Total Sent Data (MB): 9.02712
0: Total Received Data (MB): 2020.89
0: Total Communication (MB): 2029.92
0: Total Sent Communication except for circuits (MB): 8.11739
0: Total Communication of client (MB): 202.926
0: Total Communication of client (MB): 266.792
end main
