key = partyID value = 4
key = partiesNumber value = 8
key = numBins value = 7084
key = inputsFile value = ../in_party_4.txt
key = outputsFile value = output.txt
key = circuitFile value = ic.txt
key = fieldType value = ZpMersenneByte
key = genRandomSharesType value = HIM
key = multType value = DN
key = verifyType value = Single
key = partiesFile value = Parties.txt
key = internalIterationsNumber value = 1
key = threshold value = 4
key = primemod value = 31
connected
connected
key = partyID value = 4
key = partiesNumber value = 8
key = numBins value = 7084
key = inputsFile value = ../in_party_4.txt
key = outputsFile value = output.txt
key = circuitFile value = ic.txt
key = fieldType value = ZpMersenneByte
key = genRandomSharesType value = HIM
key = multType value = DN
key = verifyType value = Single
key = partiesFile value = Parties.txt
key = internalIterationsNumber value = 1
key = threshold value = 4
key = primemod value = 31
number of parties = 8
ID = 4
partiesFile = Parties.txt
in communication
num parties = 8
my id = 4
my port = 8800
other port = 8003
Failed to connect. sleeping for 500 milliseconds, connect: Connection refused
accepting...
channel established
my port = 8801
other port = 8203
Failed to connect. sleeping for 500 milliseconds, connect: Connection refused
accepting...
channel established
my port = 8802
other port = 8403
Failed to connect. sleeping for 500 milliseconds, connect: Connection refused
accepting...
channel established
my port = 8803
other port = 8603
accepting...
channel established
my port = 8804
other port = 9004
Failed to connect. sleeping for 500 milliseconds, connect: Connection refused
accepting...
channel established
my port = 8805
other port = 9204
accepting...
channel established
my port = 8806
other port = 9404
accepting...
channel established
time in milliseconds initializationPhase: 0
