key = partyID value = 5
key = partiesNumber value = 8
key = numBins value = 7084
key = inputsFile value = ../in_party_5.txt
key = outputsFile value = output.txt
key = circuitFile value = ic.txt
key = fieldType value = ZpMersenneByte
key = genRandomSharesType value = HIM
key = multType value = DN
key = verifyType value = Single
key = partiesFile value = Parties.txt
key = internalIterationsNumber value = 1
key = threshold value = 4
key = primemod value = 31
connected
connected
key = partyID value = 5
key = partiesNumber value = 8
key = numBins value = 7084
key = inputsFile value = ../in_party_5.txt
key = outputsFile value = output.txt
key = circuitFile value = ic.txt
key = fieldType value = ZpMersenneByte
key = genRandomSharesType value = HIM
key = multType value = DN
key = verifyType value = Single
key = partiesFile value = Parties.txt
key = internalIterationsNumber value = 1
key = threshold value = 4
key = primemod value = 31
number of parties = 8
ID = 5
partiesFile = Parties.txt
in communication
num parties = 8
my id = 5
my port = 9000
other port = 8004
Failed to connect. sleeping for 500 milliseconds, connect: Connection refused
accepting...
channel established
my port = 9001
other port = 8204
Failed to connect. sleeping for 500 milliseconds, connect: Connection refused
accepting...
channel established
my port = 9002
other port = 8404
Failed to connect. sleeping for 500 milliseconds, connect: Connection refused
accepting...
channel established
my port = 9003
other port = 8604
Failed to connect. sleeping for 500 milliseconds, connect: Connection refused
accepting...
channel established
my port = 9004
other port = 8804
accepting...
channel established
my port = 9005
other port = 9205
Failed to connect. sleeping for 500 milliseconds, connect: Connection refused
accepting...
channel established
my port = 9006
other port = 9405
accepting...
channel established
time in milliseconds initializationPhase: 0
