key = partyID value = 6
key = partiesNumber value = 8
key = numBins value = 7084
key = inputsFile value = ../in_party_6.txt
key = outputsFile value = output.txt
key = circuitFile value = ic.txt
key = fieldType value = ZpMersenneByte
key = genRandomSharesType value = HIM
key = multType value = DN
key = verifyType value = Single
key = partiesFile value = Parties.txt
key = internalIterationsNumber value = 1
key = threshold value = 4
key = primemod value = 31
connected
connected
key = partyID value = 6
key = partiesNumber value = 8
key = numBins value = 7084
key = inputsFile value = ../in_party_6.txt
key = outputsFile value = output.txt
key = circuitFile value = ic.txt
key = fieldType value = ZpMersenneByte
key = genRandomSharesType value = HIM
key = multType value = DN
key = verifyType value = Single
key = partiesFile value = Parties.txt
key = internalIterationsNumber value = 1
key = threshold value = 4
key = primemod value = 31
number of parties = 8
ID = 6
partiesFile = Parties.txt
in communication
num parties = 8
my id = 6
my port = 9200
other port = 8005
Failed to connect. sleeping for 500 milliseconds, connect: Connection refused
accepting...
channel established
my port = 9201
other port = 8205
Failed to connect. sleeping for 500 milliseconds, connect: Connection refused
accepting...
channel established
my port = 9202
other port = 8405
Failed to connect. sleeping for 500 milliseconds, connect: Connection refused
accepting...
channel established
my port = 9203
other port = 8605
Failed to connect. sleeping for 500 milliseconds, connect: Connection refused
accepting...
channel established
my port = 9204
other port = 8805
Failed to connect. sleeping for 500 milliseconds, connect: Connection refused
accepting...
channel established
my port = 9205
other port = 9005
accepting...
channel established
my port = 9206
other port = 9406
Failed to connect. sleeping for 500 milliseconds, connect: Connection refused
accepting...
channel established
time in milliseconds initializationPhase: 0
