key = partyID value = 7
key = partiesNumber value = 8
key = numBins value = 7084
key = inputsFile value = ../in_party_7.txt
key = outputsFile value = output.txt
key = circuitFile value = ic.txt
key = fieldType value = ZpMersenneByte
key = genRandomSharesType value = HIM
key = multType value = DN
key = verifyType value = Single
key = partiesFile value = Parties.txt
key = internalIterationsNumber value = 1
key = threshold value = 4
key = primemod value = 31
connected
connected
key = partyID value = 7
key = partiesNumber value = 8
key = numBins value = 7084
key = inputsFile value = ../in_party_7.txt
key = outputsFile value = output.txt
key = circuitFile value = ic.txt
key = fieldType value = ZpMersenneByte
key = genRandomSharesType value = HIM
key = multType value = DN
key = verifyType value = Single
key = partiesFile value = Parties.txt
key = internalIterationsNumber value = 1
key = threshold value = 4
key = primemod value = 31
number of parties = 8
ID = 7
partiesFile = Parties.txt
in communication
num parties = 8
my id = 7
my port = 9400
other port = 8006
Failed to connect. sleeping for 500 milliseconds, connect: Connection refused
accepting...
channel established
my port = 9401
other port = 8206
Failed to connect. sleeping for 500 milliseconds, connect: Connection refused
accepting...
channel established
my port = 9402
other port = 8406
Failed to connect. sleeping for 500 milliseconds, connect: Connection refused
accepting...
channel established
my port = 9403
other port = 8606
Failed to connect. sleeping for 500 milliseconds, connect: Connection refused
accepting...
channel established
my port = 9404
other port = 8806
Failed to connect. sleeping for 500 milliseconds, connect: Connection refused
accepting...
channel established
my port = 9405
other port = 9006
Failed to connect. sleeping for 500 milliseconds, connect: Connection refused
accepting...
channel established
my port = 9406
other port = 9206
accepting...
channel established
time in milliseconds initializationPhase: 0
