Performing C SOURCE FILE Test CMAKE_HAVE_LIBC_PTHREAD failed with the following output:
Change Dir: /root/zero-knowledge/PQC-mPSI/build/CMakeFiles/CMakeTmp

Run Build Command(s):/usr/bin/make cmTC_8b7ea/fast && /usr/bin/make -f CMakeFiles/cmTC_8b7ea.dir/build.make CMakeFiles/cmTC_8b7ea.dir/build
make[1]: Entering directory '/root/zero-knowledge/PQC-mPSI/build/CMakeFiles/CMakeTmp'
Building C object CMakeFiles/cmTC_8b7ea.dir/src.c.o
/usr/bin/cc   -DCMAKE_HAVE_LIBC_PTHREAD   -o CMakeFiles/cmTC_8b7ea.dir/src.c.o   -c /root/zero-knowledge/PQC-mPSI/build/CMakeFiles/CMakeTmp/src.c
Linking C executable cmTC_8b7ea
/usr/bin/cmake -E cmake_link_script CMakeFiles/cmTC_8b7ea.dir/link.txt --verbose=1
/usr/bin/cc  -DCMAKE_HAVE_LIBC_PTHREAD    CMakeFiles/cmTC_8b7ea.dir/src.c.o  -o cmTC_8b7ea 
/usr/bin/ld: CMakeFiles/cmTC_8b7ea.dir/src.c.o: in function `main':
src.c:(.text+0x46): undefined reference to `pthread_create'
/usr/bin/ld: src.c:(.text+0x52): undefined reference to `pthread_detach'
/usr/bin/ld: src.c:(.text+0x63): undefined reference to `pthread_join'
collect2: error: ld returned 1 exit status
make[1]: *** [CMakeFiles/cmTC_8b7ea.dir/build.make:87: cmTC_8b7ea] Error 1
make[1]: Leaving directory '/root/zero-knowledge/PQC-mPSI/build/CMakeFiles/CMakeTmp'
make: *** [Makefile:121: cmTC_8b7ea/fast] Error 2


Source file was:
#include <pthread.h>

void* test_func(void* data)
{
  return data;
}

int main(void)
{
  pthread_t thread;
  pthread_create(&thread, NULL, test_func, NULL);
  pthread_detach(thread);
  pthread_join(thread, NULL);
  pthread_atfork(NULL, NULL, NULL);
  pthread_exit(NULL);

  return 0;
}

Determining if the function pthread_create exists in the pthreads failed with the following output:
Change Dir: /root/zero-knowledge/PQC-mPSI/build/CMakeFiles/CMakeTmp

Run Build Command(s):/usr/bin/make cmTC_d8700/fast && /usr/bin/make -f CMakeFiles/cmTC_d8700.dir/build.make CMakeFiles/cmTC_d8700.dir/build
make[1]: Entering directory '/root/zero-knowledge/PQC-mPSI/build/CMakeFiles/CMakeTmp'
Building C object CMakeFiles/cmTC_d8700.dir/CheckFunctionExists.c.o
/usr/bin/cc   -DCHECK_FUNCTION_EXISTS=pthread_create   -o CMakeFiles/cmTC_d8700.dir/CheckFunctionExists.c.o   -c /usr/share/cmake-3.16/Modules/CheckFunctionExists.c
Linking C executable cmTC_d8700
/usr/bin/cmake -E cmake_link_script CMakeFiles/cmTC_d8700.dir/link.txt --verbose=1
/usr/bin/cc  -DCHECK_FUNCTION_EXISTS=pthread_create    CMakeFiles/cmTC_d8700.dir/CheckFunctionExists.c.o  -o cmTC_d8700  -lpthreads 
/usr/bin/ld: cannot find -lpthreads
collect2: error: ld returned 1 exit status
make[1]: *** [CMakeFiles/cmTC_d8700.dir/build.make:87: cmTC_d8700] Error 1
make[1]: Leaving directory '/root/zero-knowledge/PQC-mPSI/build/CMakeFiles/CMakeTmp'
make: *** [Makefile:121: cmTC_d8700/fast] Error 2



Performing C SOURCE FILE Test CMAKE_HAVE_LIBC_PTHREAD failed with the following output:
Change Dir: /root/zero-knowledge/PQC-mPSI/build/CMakeFiles/CMakeTmp

Run Build Command(s):/usr/bin/make cmTC_339d7/fast && /usr/bin/make -f CMakeFiles/cmTC_339d7.dir/build.make CMakeFiles/cmTC_339d7.dir/build
make[1]: Entering directory '/root/zero-knowledge/PQC-mPSI/build/CMakeFiles/CMakeTmp'
Building C object CMakeFiles/cmTC_339d7.dir/src.c.o
/usr/bin/cc   -DCMAKE_HAVE_LIBC_PTHREAD   -o CMakeFiles/cmTC_339d7.dir/src.c.o   -c /root/zero-knowledge/PQC-mPSI/build/CMakeFiles/CMakeTmp/src.c
Linking C executable cmTC_339d7
/usr/bin/cmake -E cmake_link_script CMakeFiles/cmTC_339d7.dir/link.txt --verbose=1
/usr/bin/cc  -DCMAKE_HAVE_LIBC_PTHREAD    CMakeFiles/cmTC_339d7.dir/src.c.o  -o cmTC_339d7 
/usr/bin/ld: CMakeFiles/cmTC_339d7.dir/src.c.o: in function `main':
src.c:(.text+0x46): undefined reference to `pthread_create'
/usr/bin/ld: src.c:(.text+0x52): undefined reference to `pthread_detach'
/usr/bin/ld: src.c:(.text+0x63): undefined reference to `pthread_join'
collect2: error: ld returned 1 exit status
make[1]: *** [CMakeFiles/cmTC_339d7.dir/build.make:87: cmTC_339d7] Error 1
make[1]: Leaving directory '/root/zero-knowledge/PQC-mPSI/build/CMakeFiles/CMakeTmp'
make: *** [Makefile:121: cmTC_339d7/fast] Error 2


Source file was:
#include <pthread.h>

void* test_func(void* data)
{
  return data;
}

int main(void)
{
  pthread_t thread;
  pthread_create(&thread, NULL, test_func, NULL);
  pthread_detach(thread);
  pthread_join(thread, NULL);
  pthread_atfork(NULL, NULL, NULL);
  pthread_exit(NULL);

  return 0;
}

Determining if the function pthread_create exists in the pthreads failed with the following output:
Change Dir: /root/zero-knowledge/PQC-mPSI/build/CMakeFiles/CMakeTmp

Run Build Command(s):/usr/bin/make cmTC_9afe3/fast && /usr/bin/make -f CMakeFiles/cmTC_9afe3.dir/build.make CMakeFiles/cmTC_9afe3.dir/build
make[1]: Entering directory '/root/zero-knowledge/PQC-mPSI/build/CMakeFiles/CMakeTmp'
Building C object CMakeFiles/cmTC_9afe3.dir/CheckFunctionExists.c.o
/usr/bin/cc   -DCHECK_FUNCTION_EXISTS=pthread_create   -o CMakeFiles/cmTC_9afe3.dir/CheckFunctionExists.c.o   -c /usr/share/cmake-3.16/Modules/CheckFunctionExists.c
Linking C executable cmTC_9afe3
/usr/bin/cmake -E cmake_link_script CMakeFiles/cmTC_9afe3.dir/link.txt --verbose=1
/usr/bin/cc  -DCHECK_FUNCTION_EXISTS=pthread_create    CMakeFiles/cmTC_9afe3.dir/CheckFunctionExists.c.o  -o cmTC_9afe3  -lpthreads 
/usr/bin/ld: cannot find -lpthreads
collect2: error: ld returned 1 exit status
make[1]: *** [CMakeFiles/cmTC_9afe3.dir/build.make:87: cmTC_9afe3] Error 1
make[1]: Leaving directory '/root/zero-knowledge/PQC-mPSI/build/CMakeFiles/CMakeTmp'
make: *** [Makefile:121: cmTC_9afe3/fast] Error 2



