key = partyID value = 10
key = partiesNumber value = 16
key = numBins value = 14132
key = inputsFile value = ../in_party_10.txt
key = outputsFile value = output.txt
key = circuitFile value = ic.txt
key = fieldType value = ZpMersenneByte
key = genRandomSharesType value = HIM
key = multType value = DN
key = verifyType value = Single
key = partiesFile value = Parties.txt
key = internalIterationsNumber value = 1
key = threshold value = 8
key = primemod value = 31
connected
connected
key = partyID value = 10
key = partiesNumber value = 16
key = numBins value = 14132
key = inputsFile value = ../in_party_10.txt
key = outputsFile value = output.txt
key = circuitFile value = ic.txt
key = fieldType value = ZpMersenneByte
key = genRandomSharesType value = HIM
key = multType value = DN
key = verifyType value = Single
key = partiesFile value = Parties.txt
key = internalIterationsNumber value = 1
key = threshold value = 8
key = primemod value = 31
number of parties = 16
ID = 10
partiesFile = Parties.txt
in communication
num parties = 16
my id = 10
my port = 10000
other port = 8009
Failed to connect. sleeping for 500 milliseconds, connect: Connection refused
accepting...
channel established
my port = 10001
other port = 8209
Failed to connect. sleeping for 500 milliseconds, connect: Connection refused
accepting...
channel established
my port = 10002
other port = 8409
Failed to connect. sleeping for 500 milliseconds, connect: Connection refused
accepting...
channel established
my port = 10003
other port = 8609
Failed to connect. sleeping for 500 milliseconds, connect: Connection refused
accepting...
channel established
my port = 10004
other port = 8809
Failed to connect. sleeping for 500 milliseconds, connect: Connection refused
accepting...
channel established
my port = 10005
other port = 9009
Failed to connect. sleeping for 500 milliseconds, connect: Connection refused
accepting...
channel established
my port = 10006
other port = 9209
Failed to connect. sleeping for 500 milliseconds, connect: Connection refused
accepting...
channel established
my port = 10007
other port = 9409
Failed to connect. sleeping for 500 milliseconds, connect: Connection refused
accepting...
channel established
my port = 10008
other port = 9609
Failed to connect. sleeping for 500 milliseconds, connect: Connection refused
accepting...
channel established
my port = 10009
other port = 9809
accepting...
channel established
my port = 10010
other port = 10210
Failed to connect. sleeping for 500 milliseconds, connect: Connection refused
accepting...
channel established
my port = 10011
other port = 10410
accepting...
channel established
my port = 10012
other port = 10610
accepting...
channel established
my port = 10013
other port = 10810
accepting...
channel established
my port = 10014
other port = 11010
accepting...
channel established
time in milliseconds initializationPhase: 0
max_observed_bin_size: 92
SH Time measured: 0.597 seconds.
S0 Time measured: 1.221 seconds. For OPRF and then OPPRF start
-----------------Internal time---------------------
S1 Time measured: 1.221 seconds. OPPRF start
S2 Time measured: 2.218 seconds. for cuckoo hash
S3 Time measured: 2.672 seconds. for intert table(hints) RB-OPPRF
S4 Time measured: 2.676 seconds. send hints 
S5 Time measured: 3.100 seconds. receive table
S6 Time measured: 3.103 seconds. OPPRF end
-----------------Internal time---------------------
S8 Time measured: 3.577 seconds. End For OPPRF 
S9 Time measured: 4.148 seconds. After EQ+B2A
EQ + B2A cost 6894404Bytes
10: Circuit evaluated in 227 milliseconds.
10: Printing timings...
10: Time for hashing 458.978 ms
10: Time for OPRF 21.7945 ms
10: Time for polynomials 0 ms
10: Time for transmission of the polynomials 0 ms
10: Time for OPPRF 4150.22 ms
10: Time for circuit 544.831 ms
10: Total runtime: 4695.2ms

10: Communication Statistics: 
10: Sent Data OPRF (MB): 0.894998
10: Received Data OPRF (MB): 0.894998
10: Sent Data Hint (MB): 7.85999
10: Received Data Hint (MB): 0.646912
10: Sent Data Circuit (MB): 3.13127
10: Received Data Circuit (MB): 2.78086
10: Sent Data CryptFlow2 (MB): 6.57502
10: Received Data CryptFlow2 (MB): 6.57502
10: Total Sent Data (MB): 18.4613
10: Total Received Data (MB): 10.8978
10: Total Communication (MB): 29.3591
10: Total Sent Communication except for circuits (MB): 15.33
10: Total Communication of client (MB): 311.115
10: Total Communication of client (MB): 374.982
