key = partyID value = 13
key = partiesNumber value = 16
key = numBins value = 14132
key = inputsFile value = ../in_party_13.txt
key = outputsFile value = output.txt
key = circuitFile value = ic.txt
key = fieldType value = ZpMersenneByte
key = genRandomSharesType value = HIM
key = multType value = DN
key = verifyType value = Single
key = partiesFile value = Parties.txt
key = internalIterationsNumber value = 1
key = threshold value = 8
key = primemod value = 31
connected
connected
key = partyID value = 13
key = partiesNumber value = 16
key = numBins value = 14132
key = inputsFile value = ../in_party_13.txt
key = outputsFile value = output.txt
key = circuitFile value = ic.txt
key = fieldType value = ZpMersenneByte
key = genRandomSharesType value = HIM
key = multType value = DN
key = verifyType value = Single
key = partiesFile value = Parties.txt
key = internalIterationsNumber value = 1
key = threshold value = 8
key = primemod value = 31
number of parties = 16
ID = 13
partiesFile = Parties.txt
in communication
num parties = 16
my id = 13
my port = 10600
other port = 8012
Failed to connect. sleeping for 500 milliseconds, connect: Connection refused
accepting...
channel established
my port = 10601
other port = 8212
Failed to connect. sleeping for 500 milliseconds, connect: Connection refused
accepting...
channel established
my port = 10602
other port = 8412
Failed to connect. sleeping for 500 milliseconds, connect: Connection refused
accepting...
channel established
my port = 10603
other port = 8612
Failed to connect. sleeping for 500 milliseconds, connect: Connection refused
accepting...
channel established
my port = 10604
other port = 8812
Failed to connect. sleeping for 500 milliseconds, connect: Connection refused
accepting...
channel established
my port = 10605
other port = 9012
Failed to connect. sleeping for 500 milliseconds, connect: Connection refused
accepting...
channel established
my port = 10606
other port = 9212
Failed to connect. sleeping for 500 milliseconds, connect: Connection refused
accepting...
channel established
my port = 10607
other port = 9412
Failed to connect. sleeping for 500 milliseconds, connect: Connection refused
accepting...
channel established
my port = 10608
other port = 9612
Failed to connect. sleeping for 500 milliseconds, connect: Connection refused
accepting...
channel established
my port = 10609
other port = 9812
Failed to connect. sleeping for 500 milliseconds, connect: Connection refused
accepting...
channel established
my port = 10610
other port = 10012
Failed to connect. sleeping for 500 milliseconds, connect: Connection refused
accepting...
channel established
my port = 10611
other port = 10212
Failed to connect. sleeping for 500 milliseconds, connect: Connection refused
accepting...
channel established
my port = 10612
other port = 10412
accepting...
channel established
my port = 10613
other port = 10813
Failed to connect. sleeping for 500 milliseconds, connect: Connection refused
accepting...
channel established
my port = 10614
other port = 11013
accepting...
channel established
time in milliseconds initializationPhase: 0
max_observed_bin_size: 92
SH Time measured: 0.596 seconds.
S0 Time measured: 1.220 seconds. For OPRF and then OPPRF start
-----------------Internal time---------------------
S1 Time measured: 1.221 seconds. OPPRF start
S2 Time measured: 2.260 seconds. for cuckoo hash
S3 Time measured: 2.908 seconds. for intert table(hints) RB-OPPRF
S4 Time measured: 2.911 seconds. send hints 
S5 Time measured: 3.334 seconds. receive table
S6 Time measured: 3.336 seconds. OPPRF end
-----------------Internal time---------------------
S8 Time measured: 3.793 seconds. End For OPPRF 
S9 Time measured: 4.143 seconds. After EQ+B2A
EQ + B2A cost 6894404Bytes
13: Circuit evaluated in 196 milliseconds.
13: Printing timings...
13: Time for hashing 458.95 ms
13: Time for OPRF 21.7147 ms
13: Time for polynomials 0 ms
13: Time for transmission of the polynomials 0 ms
13: Time for OPPRF 4145.77 ms
13: Time for circuit 547.723 ms
13: Total runtime: 4693.65ms

13: Communication Statistics: 
13: Sent Data OPRF (MB): 0.894998
13: Received Data OPRF (MB): 0.894998
13: Sent Data Hint (MB): 7.85999
13: Received Data Hint (MB): 0.646912
13: Sent Data Circuit (MB): 3.13127
13: Received Data Circuit (MB): 2.78086
13: Sent Data CryptFlow2 (MB): 6.57502
13: Received Data CryptFlow2 (MB): 6.57502
13: Total Sent Data (MB): 18.4613
13: Total Received Data (MB): 10.8978
13: Total Communication (MB): 29.3591
13: Total Sent Communication except for circuits (MB): 15.33
13: Total Communication of client (MB): 311.115
13: Total Communication of client (MB): 374.982
