key = partyID value = 9
key = partiesNumber value = 16
key = numBins value = 14132
key = inputsFile value = ../in_party_9.txt
key = outputsFile value = output.txt
key = circuitFile value = ic.txt
key = fieldType value = ZpMersenneByte
key = genRandomSharesType value = HIM
key = multType value = DN
key = verifyType value = Single
key = partiesFile value = Parties.txt
key = internalIterationsNumber value = 1
key = threshold value = 8
key = primemod value = 31
connected
connected
key = partyID value = 9
key = partiesNumber value = 16
key = numBins value = 14132
key = inputsFile value = ../in_party_9.txt
key = outputsFile value = output.txt
key = circuitFile value = ic.txt
key = fieldType value = ZpMersenneByte
key = genRandomSharesType value = HIM
key = multType value = DN
key = verifyType value = Single
key = partiesFile value = Parties.txt
key = internalIterationsNumber value = 1
key = threshold value = 8
key = primemod value = 31
number of parties = 16
ID = 9
partiesFile = Parties.txt
in communication
num parties = 16
my id = 9
my port = 9800
other port = 8008
Failed to connect. sleeping for 500 milliseconds, connect: Connection refused
accepting...
channel established
my port = 9801
other port = 8208
Failed to connect. sleeping for 500 milliseconds, connect: Connection refused
accepting...
channel established
my port = 9802
other port = 8408
Failed to connect. sleeping for 500 milliseconds, connect: Connection refused
accepting...
channel established
my port = 9803
other port = 8608
Failed to connect. sleeping for 500 milliseconds, connect: Connection refused
accepting...
channel established
my port = 9804
other port = 8808
Failed to connect. sleeping for 500 milliseconds, connect: Connection refused
accepting...
channel established
my port = 9805
other port = 9008
Failed to connect. sleeping for 500 milliseconds, connect: Connection refused
accepting...
channel established
my port = 9806
other port = 9208
Failed to connect. sleeping for 500 milliseconds, connect: Connection refused
accepting...
channel established
my port = 9807
other port = 9408
Failed to connect. sleeping for 500 milliseconds, connect: Connection refused
accepting...
channel established
my port = 9808
other port = 9608
accepting...
channel established
my port = 9809
other port = 10009
Failed to connect. sleeping for 500 milliseconds, connect: Connection refused
accepting...
channel established
my port = 9810
other port = 10209
accepting...
channel established
my port = 9811
other port = 10409
accepting...
channel established
my port = 9812
other port = 10609
accepting...
channel established
my port = 9813
other port = 10809
accepting...
channel established
my port = 9814
other port = 11009
accepting...
channel established
time in milliseconds initializationPhase: 0
max_observed_bin_size: 92
SH Time measured: 0.602 seconds.
S0 Time measured: 1.227 seconds. For OPRF and then OPPRF start
-----------------Internal time---------------------
S1 Time measured: 1.228 seconds. OPPRF start
S2 Time measured: 2.219 seconds. for cuckoo hash
S3 Time measured: 2.672 seconds. for intert table(hints) RB-OPPRF
S4 Time measured: 2.676 seconds. send hints 
S5 Time measured: 3.107 seconds. receive table
S6 Time measured: 3.109 seconds. OPPRF end
-----------------Internal time---------------------
S8 Time measured: 3.525 seconds. End For OPPRF 
S9 Time measured: 4.169 seconds. After EQ+B2A
EQ + B2A cost 6894404Bytes
9: Circuit evaluated in 194 milliseconds.
9: Printing timings...
9: Time for hashing 463.827 ms
9: Time for OPRF 6.83528 ms
9: Time for polynomials 0 ms
9: Time for transmission of the polynomials 0 ms
9: Time for OPPRF 4171.29 ms
9: Time for circuit 522.579 ms
9: Total runtime: 4694.02ms

9: Communication Statistics: 
9: Sent Data OPRF (MB): 0.894998
9: Received Data OPRF (MB): 0.894998
9: Sent Data Hint (MB): 7.85999
9: Received Data Hint (MB): 0.646912
9: Sent Data Circuit (MB): 3.13127
9: Received Data Circuit (MB): 2.78086
9: Sent Data CryptFlow2 (MB): 6.57502
9: Received Data CryptFlow2 (MB): 6.57502
9: Total Sent Data (MB): 18.4613
9: Total Received Data (MB): 10.8978
9: Total Communication (MB): 29.3591
9: Total Sent Communication except for circuits (MB): 15.33
9: Total Communication of client (MB): 311.115
9: Total Communication of client (MB): 374.982
