key = partyID value = 11
key = partiesNumber value = 16
key = numBins value = 7084
key = inputsFile value = ../in_party_11.txt
key = outputsFile value = output.txt
key = circuitFile value = ic.txt
key = fieldType value = ZpMersenneByte
key = genRandomSharesType value = HIM
key = multType value = DN
key = verifyType value = Single
key = partiesFile value = Parties.txt
key = internalIterationsNumber value = 1
key = threshold value = 8
key = primemod value = 31
connected
connected
key = partyID value = 11
key = partiesNumber value = 16
key = numBins value = 7084
key = inputsFile value = ../in_party_11.txt
key = outputsFile value = output.txt
key = circuitFile value = ic.txt
key = fieldType value = ZpMersenneByte
key = genRandomSharesType value = HIM
key = multType value = DN
key = verifyType value = Single
key = partiesFile value = Parties.txt
key = internalIterationsNumber value = 1
key = threshold value = 8
key = primemod value = 31
number of parties = 16
ID = 11
partiesFile = Parties.txt
in communication
num parties = 16
my id = 11
my port = 10200
other port = 8010
Failed to connect. sleeping for 500 milliseconds, connect: Connection refused
accepting...
channel established
my port = 10201
other port = 8210
Failed to connect. sleeping for 500 milliseconds, connect: Connection refused
accepting...
channel established
my port = 10202
other port = 8410
Failed to connect. sleeping for 500 milliseconds, connect: Connection refused
accepting...
channel established
my port = 10203
other port = 8610
Failed to connect. sleeping for 500 milliseconds, connect: Connection refused
accepting...
channel established
my port = 10204
other port = 8810
Failed to connect. sleeping for 500 milliseconds, connect: Connection refused
accepting...
channel established
my port = 10205
other port = 9010
Failed to connect. sleeping for 500 milliseconds, connect: Connection refused
accepting...
channel established
my port = 10206
other port = 9210
Failed to connect. sleeping for 500 milliseconds, connect: Connection refused
accepting...
channel established
my port = 10207
other port = 9410
Failed to connect. sleeping for 500 milliseconds, connect: Connection refused
accepting...
channel established
my port = 10208
other port = 9610
Failed to connect. sleeping for 500 milliseconds, connect: Connection refused
accepting...
channel established
my port = 10209
other port = 9810
Failed to connect. sleeping for 500 milliseconds, connect: Connection refused
accepting...
channel established
my port = 10210
other port = 10010
accepting...
channel established
my port = 10211
other port = 10411
Failed to connect. sleeping for 500 milliseconds, connect: Connection refused
accepting...
channel established
my port = 10212
other port = 10611
accepting...
channel established
my port = 10213
other port = 10811
accepting...
channel established
my port = 10214
other port = 11011
accepting...
channel established
time in milliseconds initializationPhase: 0
max_observed_bin_size: 2025
SH Time measured: 10.761 seconds.
S0 Time measured: 14.787 seconds. For OPRF and then OPPRF start
-----------------Internal time---------------------
S1 Time measured: 14.787 seconds. OPPRF start
S2 Time measured: 34.018 seconds. for cuckoo hash
S3 Time measured: 42.723 seconds. for intert table(hints) RB-OPPRF
S4 Time measured: 42.798 seconds. send hints 
S5 Time measured: 43.207 seconds. receive table
S6 Time measured: 43.208 seconds. OPPRF end
-----------------Internal time---------------------
S8 Time measured: 52.927 seconds. End For OPPRF 
S9 Time measured: 54.811 seconds. After EQ+B2A
EQ + B2A cost 4030934Bytes
11: Circuit evaluated in 144 milliseconds.
11: Printing timings...
11: Time for hashing 7086.35 ms
11: Time for OPRF 17.0742 ms
11: Time for polynomials 0 ms
11: Time for transmission of the polynomials 2.65509e-315 ms
11: Time for OPPRF 54826.5 ms
11: Time for circuit 292.658 ms
11: Total runtime: 55119.2ms

11: Communication Statistics: 
11: Sent Data OPRF (MB): 0.464822
11: Received Data OPRF (MB): 0.464822
11: Sent Data Hint (MB): 125.76
11: Received Data Hint (MB): 0.32428
11: Sent Data Circuit (MB): 1.56964
11: Received Data Circuit (MB): 1.39399
11: Sent Data CryptFlow2 (MB): 3.8442
11: Received Data CryptFlow2 (MB): 3.8442
11: Total Sent Data (MB): 131.639
11: Total Received Data (MB): 6.02729
11: Total Communication (MB): 137.666
11: Total Sent Communication except for circuits (MB): 130.069
11: Total Communication of client (MB): 2032.2
