key = partyID value = 12
key = partiesNumber value = 16
key = numBins value = 7084
key = inputsFile value = ../in_party_12.txt
key = outputsFile value = output.txt
key = circuitFile value = ic.txt
key = fieldType value = ZpMersenneByte
key = genRandomSharesType value = HIM
key = multType value = DN
key = verifyType value = Single
key = partiesFile value = Parties.txt
key = internalIterationsNumber value = 1
key = threshold value = 8
key = primemod value = 31
connected
connected
key = partyID value = 12
key = partiesNumber value = 16
key = numBins value = 7084
key = inputsFile value = ../in_party_12.txt
key = outputsFile value = output.txt
key = circuitFile value = ic.txt
key = fieldType value = ZpMersenneByte
key = genRandomSharesType value = HIM
key = multType value = DN
key = verifyType value = Single
key = partiesFile value = Parties.txt
key = internalIterationsNumber value = 1
key = threshold value = 8
key = primemod value = 31
number of parties = 16
ID = 12
partiesFile = Parties.txt
in communication
num parties = 16
my id = 12
my port = 10400
other port = 8011
Failed to connect. sleeping for 500 milliseconds, connect: Connection refused
accepting...
channel established
my port = 10401
other port = 8211
Failed to connect. sleeping for 500 milliseconds, connect: Connection refused
accepting...
channel established
my port = 10402
other port = 8411
Failed to connect. sleeping for 500 milliseconds, connect: Connection refused
accepting...
channel established
my port = 10403
other port = 8611
Failed to connect. sleeping for 500 milliseconds, connect: Connection refused
accepting...
channel established
my port = 10404
other port = 8811
Failed to connect. sleeping for 500 milliseconds, connect: Connection refused
accepting...
channel established
my port = 10405
other port = 9011
Failed to connect. sleeping for 500 milliseconds, connect: Connection refused
accepting...
channel established
my port = 10406
other port = 9211
Failed to connect. sleeping for 500 milliseconds, connect: Connection refused
accepting...
channel established
my port = 10407
other port = 9411
Failed to connect. sleeping for 500 milliseconds, connect: Connection refused
accepting...
channel established
my port = 10408
other port = 9611
Failed to connect. sleeping for 500 milliseconds, connect: Connection refused
accepting...
channel established
my port = 10409
other port = 9811
Failed to connect. sleeping for 500 milliseconds, connect: Connection refused
accepting...
channel established
my port = 10410
other port = 10011
Failed to connect. sleeping for 500 milliseconds, connect: Connection refused
accepting...
channel established
my port = 10411
other port = 10211
accepting...
channel established
my port = 10412
other port = 10612
Failed to connect. sleeping for 500 milliseconds, connect: Connection refused
accepting...
channel established
my port = 10413
other port = 10812
accepting...
channel established
my port = 10414
other port = 11012
accepting...
channel established
time in milliseconds initializationPhase: 0
max_observed_bin_size: 2025
SH Time measured: 10.839 seconds.
S0 Time measured: 14.845 seconds. For OPRF and then OPPRF start
-----------------Internal time---------------------
S1 Time measured: 14.845 seconds. OPPRF start
S2 Time measured: 34.260 seconds. for cuckoo hash
S3 Time measured: 42.968 seconds. for intert table(hints) RB-OPPRF
S4 Time measured: 43.036 seconds. send hints 
S5 Time measured: 43.439 seconds. receive table
S6 Time measured: 43.441 seconds. OPPRF end
-----------------Internal time---------------------
S8 Time measured: 52.499 seconds. End For OPPRF 
S9 Time measured: 54.838 seconds. After EQ+B2A
EQ + B2A cost 4030934Bytes
12: Circuit evaluated in 144 milliseconds.
12: Printing timings...
12: Time for hashing 7125.02 ms
12: Time for OPRF 13.3318 ms
12: Time for polynomials 0 ms
12: Time for transmission of the polynomials 0 ms
12: Time for OPPRF 54839.7 ms
12: Time for circuit 279.486 ms
12: Total runtime: 55119.3ms

12: Communication Statistics: 
12: Sent Data OPRF (MB): 0.464822
12: Received Data OPRF (MB): 0.464822
12: Sent Data Hint (MB): 125.76
12: Received Data Hint (MB): 0.32428
12: Sent Data Circuit (MB): 1.56964
12: Received Data Circuit (MB): 1.39399
12: Sent Data CryptFlow2 (MB): 3.8442
12: Received Data CryptFlow2 (MB): 3.8442
12: Total Sent Data (MB): 131.639
12: Total Received Data (MB): 6.02729
12: Total Communication (MB): 137.666
12: Total Sent Communication except for circuits (MB): 130.069
12: Total Communication of client (MB): 2032.2
