key = partyID value = 15
key = partiesNumber value = 16
key = numBins value = 7084
key = inputsFile value = ../in_party_15.txt
key = outputsFile value = output.txt
key = circuitFile value = ic.txt
key = fieldType value = ZpMersenneByte
key = genRandomSharesType value = HIM
key = multType value = DN
key = verifyType value = Single
key = partiesFile value = Parties.txt
key = internalIterationsNumber value = 1
key = threshold value = 8
key = primemod value = 31
connected
connected
key = partyID value = 15
key = partiesNumber value = 16
key = numBins value = 7084
key = inputsFile value = ../in_party_15.txt
key = outputsFile value = output.txt
key = circuitFile value = ic.txt
key = fieldType value = ZpMersenneByte
key = genRandomSharesType value = HIM
key = multType value = DN
key = verifyType value = Single
key = partiesFile value = Parties.txt
key = internalIterationsNumber value = 1
key = threshold value = 8
key = primemod value = 31
number of parties = 16
ID = 15
partiesFile = Parties.txt
in communication
num parties = 16
my id = 15
my port = 11000
other port = 8014
Failed to connect. sleeping for 500 milliseconds, connect: Connection refused
accepting...
channel established
my port = 11001
other port = 8214
Failed to connect. sleeping for 500 milliseconds, connect: Connection refused
accepting...
channel established
my port = 11002
other port = 8414
Failed to connect. sleeping for 500 milliseconds, connect: Connection refused
accepting...
channel established
my port = 11003
other port = 8614
Failed to connect. sleeping for 500 milliseconds, connect: Connection refused
accepting...
channel established
my port = 11004
other port = 8814
Failed to connect. sleeping for 500 milliseconds, connect: Connection refused
accepting...
channel established
my port = 11005
other port = 9014
Failed to connect. sleeping for 500 milliseconds, connect: Connection refused
accepting...
channel established
my port = 11006
other port = 9214
Failed to connect. sleeping for 500 milliseconds, connect: Connection refused
accepting...
channel established
my port = 11007
other port = 9414
Failed to connect. sleeping for 500 milliseconds, connect: Connection refused
accepting...
channel established
my port = 11008
other port = 9614
Failed to connect. sleeping for 500 milliseconds, connect: Connection refused
accepting...
channel established
my port = 11009
other port = 9814
Failed to connect. sleeping for 500 milliseconds, connect: Connection refused
accepting...
channel established
my port = 11010
other port = 10014
Failed to connect. sleeping for 500 milliseconds, connect: Connection refused
accepting...
channel established
my port = 11011
other port = 10214
Failed to connect. sleeping for 500 milliseconds, connect: Connection refused
accepting...
channel established
my port = 11012
other port = 10414
Failed to connect. sleeping for 500 milliseconds, connect: Connection refused
accepting...
channel established
my port = 11013
other port = 10614
Failed to connect. sleeping for 500 milliseconds, connect: Connection refused
accepting...
channel established
my port = 11014
other port = 10814
accepting...
channel established
time in milliseconds initializationPhase: 0
max_observed_bin_size: 2025
SH Time measured: 10.924 seconds.
S0 Time measured: 14.935 seconds. For OPRF and then OPPRF start
-----------------Internal time---------------------
S1 Time measured: 14.935 seconds. OPPRF start
S2 Time measured: 34.425 seconds. for cuckoo hash
S3 Time measured: 43.215 seconds. for intert table(hints) RB-OPPRF
S4 Time measured: 43.293 seconds. send hints 
S5 Time measured: 43.696 seconds. receive table
S6 Time measured: 43.698 seconds. OPPRF end
-----------------Internal time---------------------
S8 Time measured: 53.524 seconds. End For OPPRF 
S9 Time measured: 54.829 seconds. After EQ+B2A
EQ + B2A cost 4030934Bytes
15: Circuit evaluated in 146 milliseconds.
15: Printing timings...
15: Time for hashing 7157.21 ms
15: Time for OPRF 17.8352 ms
15: Time for polynomials 0 ms
15: Time for transmission of the polynomials 0 ms
15: Time for OPPRF 54830.7 ms
15: Time for circuit 289.562 ms
15: Total runtime: 55120.3ms

15: Communication Statistics: 
15: Sent Data OPRF (MB): 0.464822
15: Received Data OPRF (MB): 0.464822
15: Sent Data Hint (MB): 125.76
15: Received Data Hint (MB): 0.32428
15: Sent Data Circuit (MB): 1.56964
15: Received Data Circuit (MB): 1.39399
15: Sent Data CryptFlow2 (MB): 3.8442
15: Received Data CryptFlow2 (MB): 3.8442
15: Total Sent Data (MB): 131.639
15: Total Received Data (MB): 6.02729
15: Total Communication (MB): 137.666
15: Total Sent Communication except for circuits (MB): 130.069
15: Total Communication of client (MB): 2032.2
