key = partyID value = 3
key = partiesNumber value = 16
key = numBins value = 7084
key = inputsFile value = ../in_party_3.txt
key = outputsFile value = output.txt
key = circuitFile value = ic.txt
key = fieldType value = ZpMersenneByte
key = genRandomSharesType value = HIM
key = multType value = DN
key = verifyType value = Single
key = partiesFile value = Parties.txt
key = internalIterationsNumber value = 1
key = threshold value = 8
key = primemod value = 31
connected
connected
key = partyID value = 3
key = partiesNumber value = 16
key = numBins value = 7084
key = inputsFile value = ../in_party_3.txt
key = outputsFile value = output.txt
key = circuitFile value = ic.txt
key = fieldType value = ZpMersenneByte
key = genRandomSharesType value = HIM
key = multType value = DN
key = verifyType value = Single
key = partiesFile value = Parties.txt
key = internalIterationsNumber value = 1
key = threshold value = 8
key = primemod value = 31
number of parties = 16
ID = 3
partiesFile = Parties.txt
in communication
num parties = 16
my id = 3
my port = 8600
other port = 8002
Failed to connect. sleeping for 500 milliseconds, connect: Connection refused
accepting...
channel established
my port = 8601
other port = 8202
Failed to connect. sleeping for 500 milliseconds, connect: Connection refused
accepting...
channel established
my port = 8602
other port = 8402
accepting...
channel established
my port = 8603
other port = 8803
Failed to connect. sleeping for 500 milliseconds, connect: Connection refused
accepting...
channel established
my port = 8604
other port = 9003
accepting...
channel established
my port = 8605
other port = 9203
accepting...
channel established
my port = 8606
other port = 9403
accepting...
channel established
my port = 8607
other port = 9603
accepting...
channel established
my port = 8608
other port = 9803
accepting...
channel established
my port = 8609
other port = 10003
accepting...
channel established
my port = 8610
other port = 10203
accepting...
channel established
my port = 8611
other port = 10403
accepting...
channel established
my port = 8612
other port = 10603
accepting...
channel established
my port = 8613
other port = 10803
accepting...
channel established
my port = 8614
other port = 11003
accepting...
channel established
time in milliseconds initializationPhase: 0
max_observed_bin_size: 2025
SH Time measured: 10.965 seconds.
S0 Time measured: 14.974 seconds. For OPRF and then OPPRF start
-----------------Internal time---------------------
S1 Time measured: 14.974 seconds. OPPRF start
S2 Time measured: 34.821 seconds. for cuckoo hash
S3 Time measured: 43.858 seconds. for intert table(hints) RB-OPPRF
S4 Time measured: 43.935 seconds. send hints 
S5 Time measured: 44.374 seconds. receive table
S6 Time measured: 44.375 seconds. OPPRF end
-----------------Internal time---------------------
S8 Time measured: 53.530 seconds. End For OPPRF 
S9 Time measured: 54.785 seconds. After EQ+B2A
EQ + B2A cost 4030934Bytes
3: Circuit evaluated in 141 milliseconds.
3: Printing timings...
3: Time for hashing 7210.67 ms
3: Time for OPRF 3.50407 ms
3: Time for polynomials 0 ms
3: Time for transmission of the polynomials 0 ms
3: Time for OPPRF 54786.7 ms
3: Time for circuit 332.1 ms
3: Total runtime: 55118.9ms

3: Communication Statistics: 
3: Sent Data OPRF (MB): 0.464822
3: Received Data OPRF (MB): 0.464822
3: Sent Data Hint (MB): 125.76
3: Received Data Hint (MB): 0.32428
3: Sent Data Circuit (MB): 1.56964
3: Received Data Circuit (MB): 1.39399
3: Sent Data CryptFlow2 (MB): 3.8442
3: Received Data CryptFlow2 (MB): 3.8442
3: Total Sent Data (MB): 131.639
3: Total Received Data (MB): 6.02729
3: Total Communication (MB): 137.666
3: Total Sent Communication except for circuits (MB): 130.069
3: Total Communication of client (MB): 2032.2
