key = partyID value = 4
key = partiesNumber value = 16
key = numBins value = 7084
key = inputsFile value = ../in_party_4.txt
key = outputsFile value = output.txt
key = circuitFile value = ic.txt
key = fieldType value = ZpMersenneByte
key = genRandomSharesType value = HIM
key = multType value = DN
key = verifyType value = Single
key = partiesFile value = Parties.txt
key = internalIterationsNumber value = 1
key = threshold value = 8
key = primemod value = 31
connected
connected
key = partyID value = 4
key = partiesNumber value = 16
key = numBins value = 7084
key = inputsFile value = ../in_party_4.txt
key = outputsFile value = output.txt
key = circuitFile value = ic.txt
key = fieldType value = ZpMersenneByte
key = genRandomSharesType value = HIM
key = multType value = DN
key = verifyType value = Single
key = partiesFile value = Parties.txt
key = internalIterationsNumber value = 1
key = threshold value = 8
key = primemod value = 31
number of parties = 16
ID = 4
partiesFile = Parties.txt
in communication
num parties = 16
my id = 4
my port = 8800
other port = 8003
Failed to connect. sleeping for 500 milliseconds, connect: Connection refused
accepting...
channel established
my port = 8801
other port = 8203
Failed to connect. sleeping for 500 milliseconds, connect: Connection refused
accepting...
channel established
my port = 8802
other port = 8403
Failed to connect. sleeping for 500 milliseconds, connect: Connection refused
accepting...
channel established
my port = 8803
other port = 8603
accepting...
channel established
my port = 8804
other port = 9004
Failed to connect. sleeping for 500 milliseconds, connect: Connection refused
accepting...
channel established
my port = 8805
other port = 9204
accepting...
channel established
my port = 8806
other port = 9404
accepting...
channel established
my port = 8807
other port = 9604
accepting...
channel established
my port = 8808
other port = 9804
accepting...
channel established
my port = 8809
other port = 10004
accepting...
channel established
my port = 8810
other port = 10204
accepting...
channel established
my port = 8811
other port = 10404
accepting...
channel established
my port = 8812
other port = 10604
accepting...
channel established
my port = 8813
other port = 10804
accepting...
channel established
my port = 8814
other port = 11004
accepting...
channel established
time in milliseconds initializationPhase: 0
max_observed_bin_size: 2025
SH Time measured: 10.999 seconds.
S0 Time measured: 15.007 seconds. For OPRF and then OPPRF start
-----------------Internal time---------------------
S1 Time measured: 15.007 seconds. OPPRF start
S2 Time measured: 35.052 seconds. for cuckoo hash
S3 Time measured: 44.103 seconds. for intert table(hints) RB-OPPRF
S4 Time measured: 44.172 seconds. send hints 
S5 Time measured: 44.574 seconds. receive table
S6 Time measured: 44.576 seconds. OPPRF end
-----------------Internal time---------------------
S8 Time measured: 53.597 seconds. End For OPPRF 
S9 Time measured: 54.765 seconds. After EQ+B2A
EQ + B2A cost 4030934Bytes
4: Circuit evaluated in 141 milliseconds.
4: Printing timings...
4: Time for hashing 7217.98 ms
4: Time for OPRF 19.3699 ms
4: Time for polynomials 0 ms
4: Time for transmission of the polynomials 0 ms
4: Time for OPPRF 54767.1 ms
4: Time for circuit 351.796 ms
4: Total runtime: 55118.9ms

4: Communication Statistics: 
4: Sent Data OPRF (MB): 0.464822
4: Received Data OPRF (MB): 0.464822
4: Sent Data Hint (MB): 125.76
4: Received Data Hint (MB): 0.32428
4: Sent Data Circuit (MB): 1.56964
4: Received Data Circuit (MB): 1.39399
4: Sent Data CryptFlow2 (MB): 3.8442
4: Received Data CryptFlow2 (MB): 3.8442
4: Total Sent Data (MB): 131.639
4: Total Received Data (MB): 6.02729
4: Total Communication (MB): 137.666
4: Total Sent Communication except for circuits (MB): 130.069
4: Total Communication of client (MB): 2032.2
