key = partyID value = 8
key = partiesNumber value = 16
key = numBins value = 7084
key = inputsFile value = ../in_party_8.txt
key = outputsFile value = output.txt
key = circuitFile value = ic.txt
key = fieldType value = ZpMersenneByte
key = genRandomSharesType value = HIM
key = multType value = DN
key = verifyType value = Single
key = partiesFile value = Parties.txt
key = internalIterationsNumber value = 1
key = threshold value = 8
key = primemod value = 31
connected
connected
key = partyID value = 8
key = partiesNumber value = 16
key = numBins value = 7084
key = inputsFile value = ../in_party_8.txt
key = outputsFile value = output.txt
key = circuitFile value = ic.txt
key = fieldType value = ZpMersenneByte
key = genRandomSharesType value = HIM
key = multType value = DN
key = verifyType value = Single
key = partiesFile value = Parties.txt
key = internalIterationsNumber value = 1
key = threshold value = 8
key = primemod value = 31
number of parties = 16
ID = 8
partiesFile = Parties.txt
in communication
num parties = 16
my id = 8
my port = 9600
other port = 8007
Failed to connect. sleeping for 500 milliseconds, connect: Connection refused
accepting...
channel established
my port = 9601
other port = 8207
Failed to connect. sleeping for 500 milliseconds, connect: Connection refused
accepting...
channel established
my port = 9602
other port = 8407
Failed to connect. sleeping for 500 milliseconds, connect: Connection refused
accepting...
channel established
my port = 9603
other port = 8607
Failed to connect. sleeping for 500 milliseconds, connect: Connection refused
accepting...
channel established
my port = 9604
other port = 8807
Failed to connect. sleeping for 500 milliseconds, connect: Connection refused
accepting...
channel established
my port = 9605
other port = 9007
Failed to connect. sleeping for 500 milliseconds, connect: Connection refused
accepting...
channel established
my port = 9606
other port = 9207
Failed to connect. sleeping for 500 milliseconds, connect: Connection refused
accepting...
channel established
my port = 9607
other port = 9407
accepting...
channel established
my port = 9608
other port = 9808
Failed to connect. sleeping for 500 milliseconds, connect: Connection refused
accepting...
channel established
my port = 9609
other port = 10008
accepting...
channel established
my port = 9610
other port = 10208
accepting...
channel established
my port = 9611
other port = 10408
accepting...
channel established
my port = 9612
other port = 10608
accepting...
channel established
my port = 9613
other port = 10808
accepting...
channel established
my port = 9614
other port = 11008
accepting...
channel established
time in milliseconds initializationPhase: 0
max_observed_bin_size: 2025
SH Time measured: 10.860 seconds.
S0 Time measured: 14.865 seconds. For OPRF and then OPPRF start
-----------------Internal time---------------------
S1 Time measured: 14.865 seconds. OPPRF start
S2 Time measured: 34.310 seconds. for cuckoo hash
S3 Time measured: 43.036 seconds. for intert table(hints) RB-OPPRF
S4 Time measured: 43.114 seconds. send hints 
S5 Time measured: 43.517 seconds. receive table
S6 Time measured: 43.518 seconds. OPPRF end
-----------------Internal time---------------------
S8 Time measured: 52.578 seconds. End For OPPRF 
S9 Time measured: 54.803 seconds. After EQ+B2A
EQ + B2A cost 4030934Bytes
8: Circuit evaluated in 143 milliseconds.
8: Printing timings...
8: Time for hashing 7153.87 ms
8: Time for OPRF 19.6255 ms
8: Time for polynomials 0 ms
8: Time for transmission of the polynomials 0 ms
8: Time for OPPRF 54805 ms
8: Time for circuit 313.753 ms
8: Total runtime: 55118.9ms

8: Communication Statistics: 
8: Sent Data OPRF (MB): 0.464822
8: Received Data OPRF (MB): 0.464822
8: Sent Data Hint (MB): 125.76
8: Received Data Hint (MB): 0.32428
8: Sent Data Circuit (MB): 1.56964
8: Received Data Circuit (MB): 1.39399
8: Sent Data CryptFlow2 (MB): 3.8442
8: Received Data CryptFlow2 (MB): 3.8442
8: Total Sent Data (MB): 131.639
8: Total Received Data (MB): 6.02729
8: Total Communication (MB): 137.666
8: Total Sent Communication except for circuits (MB): 130.069
8: Total Communication of client (MB): 2032.2
