key = partyID value = 9
key = partiesNumber value = 16
key = numBins value = 7084
key = inputsFile value = ../in_party_9.txt
key = outputsFile value = output.txt
key = circuitFile value = ic.txt
key = fieldType value = ZpMersenneByte
key = genRandomSharesType value = HIM
key = multType value = DN
key = verifyType value = Single
key = partiesFile value = Parties.txt
key = internalIterationsNumber value = 1
key = threshold value = 8
key = primemod value = 31
connected
connected
key = partyID value = 9
key = partiesNumber value = 16
key = numBins value = 7084
key = inputsFile value = ../in_party_9.txt
key = outputsFile value = output.txt
key = circuitFile value = ic.txt
key = fieldType value = ZpMersenneByte
key = genRandomSharesType value = HIM
key = multType value = DN
key = verifyType value = Single
key = partiesFile value = Parties.txt
key = internalIterationsNumber value = 1
key = threshold value = 8
key = primemod value = 31
number of parties = 16
ID = 9
partiesFile = Parties.txt
in communication
num parties = 16
my id = 9
my port = 9800
other port = 8008
Failed to connect. sleeping for 500 milliseconds, connect: Connection refused
accepting...
channel established
my port = 9801
other port = 8208
Failed to connect. sleeping for 500 milliseconds, connect: Connection refused
accepting...
channel established
my port = 9802
other port = 8408
Failed to connect. sleeping for 500 milliseconds, connect: Connection refused
accepting...
channel established
my port = 9803
other port = 8608
Failed to connect. sleeping for 500 milliseconds, connect: Connection refused
accepting...
channel established
my port = 9804
other port = 8808
Failed to connect. sleeping for 500 milliseconds, connect: Connection refused
accepting...
channel established
my port = 9805
other port = 9008
Failed to connect. sleeping for 500 milliseconds, connect: Connection refused
accepting...
channel established
my port = 9806
other port = 9208
Failed to connect. sleeping for 500 milliseconds, connect: Connection refused
accepting...
channel established
my port = 9807
other port = 9408
Failed to connect. sleeping for 500 milliseconds, connect: Connection refused
accepting...
channel established
my port = 9808
other port = 9608
accepting...
channel established
my port = 9809
other port = 10009
Failed to connect. sleeping for 500 milliseconds, connect: Connection refused
accepting...
channel established
my port = 9810
other port = 10209
accepting...
channel established
my port = 9811
other port = 10409
accepting...
channel established
my port = 9812
other port = 10609
accepting...
channel established
my port = 9813
other port = 10809
accepting...
channel established
my port = 9814
other port = 11009
accepting...
channel established
time in milliseconds initializationPhase: 0
max_observed_bin_size: 2025
SH Time measured: 10.974 seconds.
S0 Time measured: 14.979 seconds. For OPRF and then OPPRF start
-----------------Internal time---------------------
S1 Time measured: 14.979 seconds. OPPRF start
S2 Time measured: 34.553 seconds. for cuckoo hash
S3 Time measured: 43.407 seconds. for intert table(hints) RB-OPPRF
S4 Time measured: 43.486 seconds. send hints 
S5 Time measured: 43.892 seconds. receive table
S6 Time measured: 43.893 seconds. OPPRF end
-----------------Internal time---------------------
S8 Time measured: 53.015 seconds. End For OPPRF 
S9 Time measured: 54.812 seconds. After EQ+B2A
EQ + B2A cost 4030934Bytes
9: Circuit evaluated in 143 milliseconds.
9: Printing timings...
9: Time for hashing 7201.04 ms
9: Time for OPRF 21.6916 ms
9: Time for polynomials 0 ms
9: Time for transmission of the polynomials 0 ms
9: Time for OPPRF 54814 ms
9: Time for circuit 304.854 ms
9: Total runtime: 55118.9ms

9: Communication Statistics: 
9: Sent Data OPRF (MB): 0.464822
9: Received Data OPRF (MB): 0.464822
9: Sent Data Hint (MB): 125.76
9: Received Data Hint (MB): 0.32428
9: Sent Data Circuit (MB): 1.56964
9: Received Data Circuit (MB): 1.39399
9: Sent Data CryptFlow2 (MB): 3.8442
9: Received Data CryptFlow2 (MB): 3.8442
9: Total Sent Data (MB): 131.639
9: Total Received Data (MB): 6.02729
9: Total Communication (MB): 137.666
9: Total Sent Communication except for circuits (MB): 130.069
9: Total Communication of client (MB): 2032.2
